Performing C SOURCE FILE Test HAVE_XINPUT_GAMEPAD_EX failed with the following output:
Change Dir: C:/Users/gmamy/Desktop/bit1/leto/IZG/izg_lab_05/cmake-build-debug/CMakeFiles/CMakeScratch/TryCompile-kzonzo

Run Build Command(s):C:/Program Files/JetBrains/CLion 2022.3.2/bin/ninja/win/x64/ninja.exe cmTC_7e297 && [1/2] Building C object CMakeFiles\cmTC_7e297.dir\src.c.obj
FAILED: CMakeFiles/cmTC_7e297.dir/src.c.obj 
C:\PROGRA~1\MICROS~4\2022\ENTERP~1\VC\Tools\MSVC\1434~1.319\bin\Hostx86\x86\cl.exe  /nologo -DHAVE_XINPUT_GAMEPAD_EX  /DWIN32 /D_WINDOWS /W3  /MDd /Zi /Ob0 /Od /RTC1 /showIncludes /FoCMakeFiles\cmTC_7e297.dir\src.c.obj /FdCMakeFiles\cmTC_7e297.dir\ /FS -c C:\Users\gmamy\Desktop\bit1\leto\IZG\izg_lab_05\cmake-build-debug\CMakeFiles\CMakeScratch\TryCompile-kzonzo\src.c
C:\Users\gmamy\Desktop\bit1\leto\IZG\izg_lab_05\cmake-build-debug\CMakeFiles\CMakeScratch\TryCompile-kzonzo\src.c(4): error C2061: syntax error: identifier 'x1'
C:\Users\gmamy\Desktop\bit1\leto\IZG\izg_lab_05\cmake-build-debug\CMakeFiles\CMakeScratch\TryCompile-kzonzo\src.c(4): error C2059: syntax error: ';'
ninja: build stopped: subcommand failed.


Source file was:

      #include <windows.h>
      #include <xinput.h>
      XINPUT_GAMEPAD_EX x1;
      int main(int argc, char **argv) { }

Performing C SOURCE FILE Test HAVE_XINPUT_STATE_EX failed with the following output:
Change Dir: C:/Users/gmamy/Desktop/bit1/leto/IZG/izg_lab_05/cmake-build-debug/CMakeFiles/CMakeScratch/TryCompile-g9qx6h

Run Build Command(s):C:/Program Files/JetBrains/CLion 2022.3.2/bin/ninja/win/x64/ninja.exe cmTC_4ba17 && [1/2] Building C object CMakeFiles\cmTC_4ba17.dir\src.c.obj
FAILED: CMakeFiles/cmTC_4ba17.dir/src.c.obj 
C:\PROGRA~1\MICROS~4\2022\ENTERP~1\VC\Tools\MSVC\1434~1.319\bin\Hostx86\x86\cl.exe  /nologo -DHAVE_XINPUT_STATE_EX  /DWIN32 /D_WINDOWS /W3  /MDd /Zi /Ob0 /Od /RTC1 /showIncludes /FoCMakeFiles\cmTC_4ba17.dir\src.c.obj /FdCMakeFiles\cmTC_4ba17.dir\ /FS -c C:\Users\gmamy\Desktop\bit1\leto\IZG\izg_lab_05\cmake-build-debug\CMakeFiles\CMakeScratch\TryCompile-g9qx6h\src.c
C:\Users\gmamy\Desktop\bit1\leto\IZG\izg_lab_05\cmake-build-debug\CMakeFiles\CMakeScratch\TryCompile-g9qx6h\src.c(4): error C2061: syntax error: identifier 's1'
C:\Users\gmamy\Desktop\bit1\leto\IZG\izg_lab_05\cmake-build-debug\CMakeFiles\CMakeScratch\TryCompile-g9qx6h\src.c(4): error C2059: syntax error: ';'
ninja: build stopped: subcommand failed.


Source file was:

      #include <windows.h>
      #include <xinput.h>
      XINPUT_STATE_EX s1;
      int main(int argc, char **argv) { }

