Determining if the __GLIBC__ exist failed with the following output:
Change Dir: C:/Users/gmamy/Desktop/bit1/leto/IZG/izg_lab_01c/cmake-build-debug/CMakeFiles/CMakeTmp

Run Build Command(s):C:/Program Files/JetBrains/CLion 2022.3.2/bin/ninja/win/x64/ninja.exe cmTC_bdb26 && [1/2] Building C object CMakeFiles/cmTC_bdb26.dir/CheckSymbolExists.c.obj
FAILED: CMakeFiles/cmTC_bdb26.dir/CheckSymbolExists.c.obj 
C:\PROGRA~1\JETBRA~1\CLION2~1.2\bin\mingw\bin\gcc.exe   -fdiagnostics-color=always -o CMakeFiles/cmTC_bdb26.dir/CheckSymbolExists.c.obj -c C:/Users/gmamy/Desktop/bit1/leto/IZG/izg_lab_01c/cmake-build-debug/CMakeFiles/CMakeTmp/CheckSymbolExists.c
C:/Users/gmamy/Desktop/bit1/leto/IZG/izg_lab_01c/cmake-build-debug/CMakeFiles/CMakeTmp/CheckSymbolExists.c: In function 'main':
C:/Users/gmamy/Desktop/bit1/leto/IZG/izg_lab_01c/cmake-build-debug/CMakeFiles/CMakeTmp/CheckSymbolExists.c:8:19: error: '__GLIBC__' undeclared (first use in this function); did you mean '__LINE__'?
    8 |   return ((int*)(&__GLIBC__))[argc];
      |                   ^~~~~~~~~
      |                   __LINE__
C:/Users/gmamy/Desktop/bit1/leto/IZG/izg_lab_01c/cmake-build-debug/CMakeFiles/CMakeTmp/CheckSymbolExists.c:8:19: note: each undeclared identifier is reported only once for each function it appears in
ninja: build stopped: subcommand failed.


File C:/Users/gmamy/Desktop/bit1/leto/IZG/izg_lab_01c/cmake-build-debug/CMakeFiles/CMakeTmp/CheckSymbolExists.c:
/* */
#include <stdlib.h>

int main(int argc, char** argv)
{
  (void)argv;
#ifndef __GLIBC__
  return ((int*)(&__GLIBC__))[argc];
#else
  (void)argc;
  return 0;
#endif
}
Performing C SOURCE FILE Test HAVE_GCC_PREFERRED_STACK_BOUNDARY failed with the following output:
Change Dir: C:/Users/gmamy/Desktop/bit1/leto/IZG/izg_lab_01c/cmake-build-debug/CMakeFiles/CMakeTmp

Run Build Command(s):C:/Program Files/JetBrains/CLion 2022.3.2/bin/ninja/win/x64/ninja.exe cmTC_3d075 && [1/2] Building C object CMakeFiles/cmTC_3d075.dir/src.c.obj
FAILED: CMakeFiles/cmTC_3d075.dir/src.c.obj 
C:\PROGRA~1\JETBRA~1\CLION2~1.2\bin\mingw\bin\gcc.exe -DHAVE_GCC_PREFERRED_STACK_BOUNDARY  -idirafter "C:/Users/gmamy/Desktop/bit1/leto/IZG/izg_lab_01c/SDL/src/video/khronos" -mpreferred-stack-boundary=2 -fdiagnostics-color=always -o CMakeFiles/cmTC_3d075.dir/src.c.obj -c C:/Users/gmamy/Desktop/bit1/leto/IZG/izg_lab_01c/cmake-build-debug/CMakeFiles/CMakeTmp/src.c
cc1.exe: error: '-mpreferred-stack-boundary=2' is not between 3 and 4
ninja: build stopped: subcommand failed.


Source file was:
int x = 0; int main(int argc, char **argv) { return 0; }
Performing C SOURCE FILE Test HAVE_ALTIVEC_H_HDR failed with the following output:
Change Dir: C:/Users/gmamy/Desktop/bit1/leto/IZG/izg_lab_01c/cmake-build-debug/CMakeFiles/CMakeTmp

Run Build Command(s):C:/Program Files/JetBrains/CLion 2022.3.2/bin/ninja/win/x64/ninja.exe cmTC_8f4af && [1/2] Building C object CMakeFiles/cmTC_8f4af.dir/src.c.obj
FAILED: CMakeFiles/cmTC_8f4af.dir/src.c.obj 
C:\PROGRA~1\JETBRA~1\CLION2~1.2\bin\mingw\bin\gcc.exe -DHAVE_ALTIVEC_H_HDR  -idirafter "C:/Users/gmamy/Desktop/bit1/leto/IZG/izg_lab_01c/SDL/src/video/khronos" -maltivec -fdiagnostics-color=always -o CMakeFiles/cmTC_8f4af.dir/src.c.obj -c C:/Users/gmamy/Desktop/bit1/leto/IZG/izg_lab_01c/cmake-build-debug/CMakeFiles/CMakeTmp/src.c
gcc.exe: error: unrecognized command-line option '-maltivec'
ninja: build stopped: subcommand failed.


Source file was:

          #include <altivec.h>
          vector unsigned int vzero() {
              return vec_splat_u32(0);
          }
          int main(int argc, char **argv) { return 0; }
Performing C SOURCE FILE Test HAVE_ALTIVEC failed with the following output:
Change Dir: C:/Users/gmamy/Desktop/bit1/leto/IZG/izg_lab_01c/cmake-build-debug/CMakeFiles/CMakeTmp

Run Build Command(s):C:/Program Files/JetBrains/CLion 2022.3.2/bin/ninja/win/x64/ninja.exe cmTC_7a423 && [1/2] Building C object CMakeFiles/cmTC_7a423.dir/src.c.obj
FAILED: CMakeFiles/cmTC_7a423.dir/src.c.obj 
C:\PROGRA~1\JETBRA~1\CLION2~1.2\bin\mingw\bin\gcc.exe -DHAVE_ALTIVEC  -idirafter "C:/Users/gmamy/Desktop/bit1/leto/IZG/izg_lab_01c/SDL/src/video/khronos" -maltivec -fdiagnostics-color=always -o CMakeFiles/cmTC_7a423.dir/src.c.obj -c C:/Users/gmamy/Desktop/bit1/leto/IZG/izg_lab_01c/cmake-build-debug/CMakeFiles/CMakeTmp/src.c
gcc.exe: error: unrecognized command-line option '-maltivec'
ninja: build stopped: subcommand failed.


Source file was:

          vector unsigned int vzero() {
              return vec_splat_u32(0);
          }
          int main(int argc, char **argv) { return 0; }
Determining if the include file iconv.h exists failed with the following output:
Change Dir: C:/Users/gmamy/Desktop/bit1/leto/IZG/izg_lab_01c/cmake-build-debug/CMakeFiles/CMakeTmp

Run Build Command(s):C:/Program Files/JetBrains/CLion 2022.3.2/bin/ninja/win/x64/ninja.exe cmTC_03418 && [1/2] Building C object CMakeFiles/cmTC_03418.dir/CheckIncludeFile.c.obj
FAILED: CMakeFiles/cmTC_03418.dir/CheckIncludeFile.c.obj 
C:\PROGRA~1\JETBRA~1\CLION2~1.2\bin\mingw\bin\gcc.exe   -idirafter "C:/Users/gmamy/Desktop/bit1/leto/IZG/izg_lab_01c/SDL/src/video/khronos"  -fdiagnostics-color=always -o CMakeFiles/cmTC_03418.dir/CheckIncludeFile.c.obj -c C:/Users/gmamy/Desktop/bit1/leto/IZG/izg_lab_01c/cmake-build-debug/CMakeFiles/CMakeTmp/CheckIncludeFile.c
C:/Users/gmamy/Desktop/bit1/leto/IZG/izg_lab_01c/cmake-build-debug/CMakeFiles/CMakeTmp/CheckIncludeFile.c:1:10: fatal error: iconv.h: No such file or directory
    1 | #include <iconv.h>
      |          ^~~~~~~~~
compilation terminated.
ninja: build stopped: subcommand failed.



Determining if the include file libunwind.h exists failed with the following output:
Change Dir: C:/Users/gmamy/Desktop/bit1/leto/IZG/izg_lab_01c/cmake-build-debug/CMakeFiles/CMakeTmp

Run Build Command(s):C:/Program Files/JetBrains/CLion 2022.3.2/bin/ninja/win/x64/ninja.exe cmTC_e19cb && [1/2] Building C object CMakeFiles/cmTC_e19cb.dir/CheckIncludeFile.c.obj
FAILED: CMakeFiles/cmTC_e19cb.dir/CheckIncludeFile.c.obj 
C:\PROGRA~1\JETBRA~1\CLION2~1.2\bin\mingw\bin\gcc.exe   -idirafter "C:/Users/gmamy/Desktop/bit1/leto/IZG/izg_lab_01c/SDL/src/video/khronos"  -fdiagnostics-color=always -o CMakeFiles/cmTC_e19cb.dir/CheckIncludeFile.c.obj -c C:/Users/gmamy/Desktop/bit1/leto/IZG/izg_lab_01c/cmake-build-debug/CMakeFiles/CMakeTmp/CheckIncludeFile.c
C:/Users/gmamy/Desktop/bit1/leto/IZG/izg_lab_01c/cmake-build-debug/CMakeFiles/CMakeTmp/CheckIncludeFile.c:1:10: fatal error: libunwind.h: No such file or directory
    1 | #include <libunwind.h>
      |          ^~~~~~~~~~~~~
compilation terminated.
ninja: build stopped: subcommand failed.



Performing C SOURCE FILE Test HAVE_MPROTECT failed with the following output:
Change Dir: C:/Users/gmamy/Desktop/bit1/leto/IZG/izg_lab_01c/cmake-build-debug/CMakeFiles/CMakeTmp

Run Build Command(s):C:/Program Files/JetBrains/CLion 2022.3.2/bin/ninja/win/x64/ninja.exe cmTC_e8bec && [1/2] Building C object CMakeFiles/cmTC_e8bec.dir/src.c.obj
FAILED: CMakeFiles/cmTC_e8bec.dir/src.c.obj 
C:\PROGRA~1\JETBRA~1\CLION2~1.2\bin\mingw\bin\gcc.exe -DHAVE_MPROTECT  -idirafter "C:/Users/gmamy/Desktop/bit1/leto/IZG/izg_lab_01c/SDL/src/video/khronos"  -fdiagnostics-color=always -o CMakeFiles/cmTC_e8bec.dir/src.c.obj -c C:/Users/gmamy/Desktop/bit1/leto/IZG/izg_lab_01c/cmake-build-debug/CMakeFiles/CMakeTmp/src.c
C:/Users/gmamy/Desktop/bit1/leto/IZG/izg_lab_01c/cmake-build-debug/CMakeFiles/CMakeTmp/src.c:2:39: fatal error: sys/mman.h: No such file or directory
    2 |                              #include <sys/mman.h>
      |                                       ^~~~~~~~~~~~
compilation terminated.
ninja: build stopped: subcommand failed.


Source file was:
#include <sys/types.h>
                             #include <sys/mman.h>
                             int main(void) { return 0; }
Determining if the setenv exist failed with the following output:
Change Dir: C:/Users/gmamy/Desktop/bit1/leto/IZG/izg_lab_01c/cmake-build-debug/CMakeFiles/CMakeTmp

Run Build Command(s):C:/Program Files/JetBrains/CLion 2022.3.2/bin/ninja/win/x64/ninja.exe cmTC_f5054 && [1/2] Building C object CMakeFiles/cmTC_f5054.dir/CheckSymbolExists.c.obj
FAILED: CMakeFiles/cmTC_f5054.dir/CheckSymbolExists.c.obj 
C:\PROGRA~1\JETBRA~1\CLION2~1.2\bin\mingw\bin\gcc.exe   -idirafter "C:/Users/gmamy/Desktop/bit1/leto/IZG/izg_lab_01c/SDL/src/video/khronos"  -fdiagnostics-color=always -o CMakeFiles/cmTC_f5054.dir/CheckSymbolExists.c.obj -c C:/Users/gmamy/Desktop/bit1/leto/IZG/izg_lab_01c/cmake-build-debug/CMakeFiles/CMakeTmp/CheckSymbolExists.c
C:/Users/gmamy/Desktop/bit1/leto/IZG/izg_lab_01c/cmake-build-debug/CMakeFiles/CMakeTmp/CheckSymbolExists.c: In function 'main':
C:/Users/gmamy/Desktop/bit1/leto/IZG/izg_lab_01c/cmake-build-debug/CMakeFiles/CMakeTmp/CheckSymbolExists.c:14:19: error: 'setenv' undeclared (first use in this function); did you mean 'getenv'?
   14 |   return ((int*)(&setenv))[argc];
      |                   ^~~~~~
      |                   getenv
C:/Users/gmamy/Desktop/bit1/leto/IZG/izg_lab_01c/cmake-build-debug/CMakeFiles/CMakeTmp/CheckSymbolExists.c:14:19: note: each undeclared identifier is reported only once for each function it appears in
ninja: build stopped: subcommand failed.


File C:/Users/gmamy/Desktop/bit1/leto/IZG/izg_lab_01c/cmake-build-debug/CMakeFiles/CMakeTmp/CheckSymbolExists.c:
/* */
#include <stddef.h>
#include <stdarg.h>
#include <stdlib.h>
#include <string.h>
#include <stdio.h>
#include <wchar.h>
#include <float.h>

int main(int argc, char** argv)
{
  (void)argv;
#ifndef setenv
  return ((int*)(&setenv))[argc];
#else
  (void)argc;
  return 0;
#endif
}
Determining if the unsetenv exist failed with the following output:
Change Dir: C:/Users/gmamy/Desktop/bit1/leto/IZG/izg_lab_01c/cmake-build-debug/CMakeFiles/CMakeTmp

Run Build Command(s):C:/Program Files/JetBrains/CLion 2022.3.2/bin/ninja/win/x64/ninja.exe cmTC_3647c && [1/2] Building C object CMakeFiles/cmTC_3647c.dir/CheckSymbolExists.c.obj
FAILED: CMakeFiles/cmTC_3647c.dir/CheckSymbolExists.c.obj 
C:\PROGRA~1\JETBRA~1\CLION2~1.2\bin\mingw\bin\gcc.exe   -idirafter "C:/Users/gmamy/Desktop/bit1/leto/IZG/izg_lab_01c/SDL/src/video/khronos"  -fdiagnostics-color=always -o CMakeFiles/cmTC_3647c.dir/CheckSymbolExists.c.obj -c C:/Users/gmamy/Desktop/bit1/leto/IZG/izg_lab_01c/cmake-build-debug/CMakeFiles/CMakeTmp/CheckSymbolExists.c
C:/Users/gmamy/Desktop/bit1/leto/IZG/izg_lab_01c/cmake-build-debug/CMakeFiles/CMakeTmp/CheckSymbolExists.c: In function 'main':
C:/Users/gmamy/Desktop/bit1/leto/IZG/izg_lab_01c/cmake-build-debug/CMakeFiles/CMakeTmp/CheckSymbolExists.c:14:19: error: 'unsetenv' undeclared (first use in this function)
   14 |   return ((int*)(&unsetenv))[argc];
      |                   ^~~~~~~~
C:/Users/gmamy/Desktop/bit1/leto/IZG/izg_lab_01c/cmake-build-debug/CMakeFiles/CMakeTmp/CheckSymbolExists.c:14:19: note: each undeclared identifier is reported only once for each function it appears in
ninja: build stopped: subcommand failed.


File C:/Users/gmamy/Desktop/bit1/leto/IZG/izg_lab_01c/cmake-build-debug/CMakeFiles/CMakeTmp/CheckSymbolExists.c:
/* */
#include <stddef.h>
#include <stdarg.h>
#include <stdlib.h>
#include <string.h>
#include <stdio.h>
#include <wchar.h>
#include <float.h>

int main(int argc, char** argv)
{
  (void)argv;
#ifndef unsetenv
  return ((int*)(&unsetenv))[argc];
#else
  (void)argc;
  return 0;
#endif
}
Determining if the bcopy exist failed with the following output:
Change Dir: C:/Users/gmamy/Desktop/bit1/leto/IZG/izg_lab_01c/cmake-build-debug/CMakeFiles/CMakeTmp

Run Build Command(s):C:/Program Files/JetBrains/CLion 2022.3.2/bin/ninja/win/x64/ninja.exe cmTC_2847f && [1/2] Building C object CMakeFiles/cmTC_2847f.dir/CheckSymbolExists.c.obj
FAILED: CMakeFiles/cmTC_2847f.dir/CheckSymbolExists.c.obj 
C:\PROGRA~1\JETBRA~1\CLION2~1.2\bin\mingw\bin\gcc.exe   -idirafter "C:/Users/gmamy/Desktop/bit1/leto/IZG/izg_lab_01c/SDL/src/video/khronos"  -fdiagnostics-color=always -o CMakeFiles/cmTC_2847f.dir/CheckSymbolExists.c.obj -c C:/Users/gmamy/Desktop/bit1/leto/IZG/izg_lab_01c/cmake-build-debug/CMakeFiles/CMakeTmp/CheckSymbolExists.c
C:/Users/gmamy/Desktop/bit1/leto/IZG/izg_lab_01c/cmake-build-debug/CMakeFiles/CMakeTmp/CheckSymbolExists.c: In function 'main':
C:/Users/gmamy/Desktop/bit1/leto/IZG/izg_lab_01c/cmake-build-debug/CMakeFiles/CMakeTmp/CheckSymbolExists.c:14:19: error: 'bcopy' undeclared (first use in this function)
   14 |   return ((int*)(&bcopy))[argc];
      |                   ^~~~~
C:/Users/gmamy/Desktop/bit1/leto/IZG/izg_lab_01c/cmake-build-debug/CMakeFiles/CMakeTmp/CheckSymbolExists.c:14:19: note: each undeclared identifier is reported only once for each function it appears in
ninja: build stopped: subcommand failed.


File C:/Users/gmamy/Desktop/bit1/leto/IZG/izg_lab_01c/cmake-build-debug/CMakeFiles/CMakeTmp/CheckSymbolExists.c:
/* */
#include <stddef.h>
#include <stdarg.h>
#include <stdlib.h>
#include <string.h>
#include <stdio.h>
#include <wchar.h>
#include <float.h>

int main(int argc, char** argv)
{
  (void)argv;
#ifndef bcopy
  return ((int*)(&bcopy))[argc];
#else
  (void)argc;
  return 0;
#endif
}
Determining if the strlcpy exist failed with the following output:
Change Dir: C:/Users/gmamy/Desktop/bit1/leto/IZG/izg_lab_01c/cmake-build-debug/CMakeFiles/CMakeTmp

Run Build Command(s):C:/Program Files/JetBrains/CLion 2022.3.2/bin/ninja/win/x64/ninja.exe cmTC_4d57d && [1/2] Building C object CMakeFiles/cmTC_4d57d.dir/CheckSymbolExists.c.obj
FAILED: CMakeFiles/cmTC_4d57d.dir/CheckSymbolExists.c.obj 
C:\PROGRA~1\JETBRA~1\CLION2~1.2\bin\mingw\bin\gcc.exe   -idirafter "C:/Users/gmamy/Desktop/bit1/leto/IZG/izg_lab_01c/SDL/src/video/khronos"  -fdiagnostics-color=always -o CMakeFiles/cmTC_4d57d.dir/CheckSymbolExists.c.obj -c C:/Users/gmamy/Desktop/bit1/leto/IZG/izg_lab_01c/cmake-build-debug/CMakeFiles/CMakeTmp/CheckSymbolExists.c
C:/Users/gmamy/Desktop/bit1/leto/IZG/izg_lab_01c/cmake-build-debug/CMakeFiles/CMakeTmp/CheckSymbolExists.c: In function 'main':
C:/Users/gmamy/Desktop/bit1/leto/IZG/izg_lab_01c/cmake-build-debug/CMakeFiles/CMakeTmp/CheckSymbolExists.c:14:19: error: 'strlcpy' undeclared (first use in this function); did you mean 'strncpy'?
   14 |   return ((int*)(&strlcpy))[argc];
      |                   ^~~~~~~
      |                   strncpy
C:/Users/gmamy/Desktop/bit1/leto/IZG/izg_lab_01c/cmake-build-debug/CMakeFiles/CMakeTmp/CheckSymbolExists.c:14:19: note: each undeclared identifier is reported only once for each function it appears in
ninja: build stopped: subcommand failed.


File C:/Users/gmamy/Desktop/bit1/leto/IZG/izg_lab_01c/cmake-build-debug/CMakeFiles/CMakeTmp/CheckSymbolExists.c:
/* */
#include <stddef.h>
#include <stdarg.h>
#include <stdlib.h>
#include <string.h>
#include <stdio.h>
#include <wchar.h>
#include <float.h>

int main(int argc, char** argv)
{
  (void)argv;
#ifndef strlcpy
  return ((int*)(&strlcpy))[argc];
#else
  (void)argc;
  return 0;
#endif
}
Determining if the strlcat exist failed with the following output:
Change Dir: C:/Users/gmamy/Desktop/bit1/leto/IZG/izg_lab_01c/cmake-build-debug/CMakeFiles/CMakeTmp

Run Build Command(s):C:/Program Files/JetBrains/CLion 2022.3.2/bin/ninja/win/x64/ninja.exe cmTC_ac687 && [1/2] Building C object CMakeFiles/cmTC_ac687.dir/CheckSymbolExists.c.obj
FAILED: CMakeFiles/cmTC_ac687.dir/CheckSymbolExists.c.obj 
C:\PROGRA~1\JETBRA~1\CLION2~1.2\bin\mingw\bin\gcc.exe   -idirafter "C:/Users/gmamy/Desktop/bit1/leto/IZG/izg_lab_01c/SDL/src/video/khronos"  -fdiagnostics-color=always -o CMakeFiles/cmTC_ac687.dir/CheckSymbolExists.c.obj -c C:/Users/gmamy/Desktop/bit1/leto/IZG/izg_lab_01c/cmake-build-debug/CMakeFiles/CMakeTmp/CheckSymbolExists.c
C:/Users/gmamy/Desktop/bit1/leto/IZG/izg_lab_01c/cmake-build-debug/CMakeFiles/CMakeTmp/CheckSymbolExists.c: In function 'main':
C:/Users/gmamy/Desktop/bit1/leto/IZG/izg_lab_01c/cmake-build-debug/CMakeFiles/CMakeTmp/CheckSymbolExists.c:14:19: error: 'strlcat' undeclared (first use in this function); did you mean 'strncat'?
   14 |   return ((int*)(&strlcat))[argc];
      |                   ^~~~~~~
      |                   strncat
C:/Users/gmamy/Desktop/bit1/leto/IZG/izg_lab_01c/cmake-build-debug/CMakeFiles/CMakeTmp/CheckSymbolExists.c:14:19: note: each undeclared identifier is reported only once for each function it appears in
ninja: build stopped: subcommand failed.


File C:/Users/gmamy/Desktop/bit1/leto/IZG/izg_lab_01c/cmake-build-debug/CMakeFiles/CMakeTmp/CheckSymbolExists.c:
/* */
#include <stddef.h>
#include <stdarg.h>
#include <stdlib.h>
#include <string.h>
#include <stdio.h>
#include <wchar.h>
#include <float.h>

int main(int argc, char** argv)
{
  (void)argv;
#ifndef strlcat
  return ((int*)(&strlcat))[argc];
#else
  (void)argc;
  return 0;
#endif
}
Determining if the index exist failed with the following output:
Change Dir: C:/Users/gmamy/Desktop/bit1/leto/IZG/izg_lab_01c/cmake-build-debug/CMakeFiles/CMakeTmp

Run Build Command(s):C:/Program Files/JetBrains/CLion 2022.3.2/bin/ninja/win/x64/ninja.exe cmTC_79aa5 && [1/2] Building C object CMakeFiles/cmTC_79aa5.dir/CheckSymbolExists.c.obj
FAILED: CMakeFiles/cmTC_79aa5.dir/CheckSymbolExists.c.obj 
C:\PROGRA~1\JETBRA~1\CLION2~1.2\bin\mingw\bin\gcc.exe   -idirafter "C:/Users/gmamy/Desktop/bit1/leto/IZG/izg_lab_01c/SDL/src/video/khronos"  -fdiagnostics-color=always -o CMakeFiles/cmTC_79aa5.dir/CheckSymbolExists.c.obj -c C:/Users/gmamy/Desktop/bit1/leto/IZG/izg_lab_01c/cmake-build-debug/CMakeFiles/CMakeTmp/CheckSymbolExists.c
C:/Users/gmamy/Desktop/bit1/leto/IZG/izg_lab_01c/cmake-build-debug/CMakeFiles/CMakeTmp/CheckSymbolExists.c: In function 'main':
C:/Users/gmamy/Desktop/bit1/leto/IZG/izg_lab_01c/cmake-build-debug/CMakeFiles/CMakeTmp/CheckSymbolExists.c:14:19: error: 'index' undeclared (first use in this function)
   14 |   return ((int*)(&index))[argc];
      |                   ^~~~~
C:/Users/gmamy/Desktop/bit1/leto/IZG/izg_lab_01c/cmake-build-debug/CMakeFiles/CMakeTmp/CheckSymbolExists.c:14:19: note: each undeclared identifier is reported only once for each function it appears in
ninja: build stopped: subcommand failed.


File C:/Users/gmamy/Desktop/bit1/leto/IZG/izg_lab_01c/cmake-build-debug/CMakeFiles/CMakeTmp/CheckSymbolExists.c:
/* */
#include <stddef.h>
#include <stdarg.h>
#include <stdlib.h>
#include <string.h>
#include <stdio.h>
#include <wchar.h>
#include <float.h>

int main(int argc, char** argv)
{
  (void)argv;
#ifndef index
  return ((int*)(&index))[argc];
#else
  (void)argc;
  return 0;
#endif
}
Determining if the rindex exist failed with the following output:
Change Dir: C:/Users/gmamy/Desktop/bit1/leto/IZG/izg_lab_01c/cmake-build-debug/CMakeFiles/CMakeTmp

Run Build Command(s):C:/Program Files/JetBrains/CLion 2022.3.2/bin/ninja/win/x64/ninja.exe cmTC_a32ae && [1/2] Building C object CMakeFiles/cmTC_a32ae.dir/CheckSymbolExists.c.obj
FAILED: CMakeFiles/cmTC_a32ae.dir/CheckSymbolExists.c.obj 
C:\PROGRA~1\JETBRA~1\CLION2~1.2\bin\mingw\bin\gcc.exe   -idirafter "C:/Users/gmamy/Desktop/bit1/leto/IZG/izg_lab_01c/SDL/src/video/khronos"  -fdiagnostics-color=always -o CMakeFiles/cmTC_a32ae.dir/CheckSymbolExists.c.obj -c C:/Users/gmamy/Desktop/bit1/leto/IZG/izg_lab_01c/cmake-build-debug/CMakeFiles/CMakeTmp/CheckSymbolExists.c
C:/Users/gmamy/Desktop/bit1/leto/IZG/izg_lab_01c/cmake-build-debug/CMakeFiles/CMakeTmp/CheckSymbolExists.c: In function 'main':
C:/Users/gmamy/Desktop/bit1/leto/IZG/izg_lab_01c/cmake-build-debug/CMakeFiles/CMakeTmp/CheckSymbolExists.c:14:19: error: 'rindex' undeclared (first use in this function)
   14 |   return ((int*)(&rindex))[argc];
      |                   ^~~~~~
C:/Users/gmamy/Desktop/bit1/leto/IZG/izg_lab_01c/cmake-build-debug/CMakeFiles/CMakeTmp/CheckSymbolExists.c:14:19: note: each undeclared identifier is reported only once for each function it appears in
ninja: build stopped: subcommand failed.


File C:/Users/gmamy/Desktop/bit1/leto/IZG/izg_lab_01c/cmake-build-debug/CMakeFiles/CMakeTmp/CheckSymbolExists.c:
/* */
#include <stddef.h>
#include <stdarg.h>
#include <stdlib.h>
#include <string.h>
#include <stdio.h>
#include <wchar.h>
#include <float.h>

int main(int argc, char** argv)
{
  (void)argv;
#ifndef rindex
  return ((int*)(&rindex))[argc];
#else
  (void)argc;
  return 0;
#endif
}
Determining if the _uitoa exist failed with the following output:
Change Dir: C:/Users/gmamy/Desktop/bit1/leto/IZG/izg_lab_01c/cmake-build-debug/CMakeFiles/CMakeTmp

Run Build Command(s):C:/Program Files/JetBrains/CLion 2022.3.2/bin/ninja/win/x64/ninja.exe cmTC_04de5 && [1/2] Building C object CMakeFiles/cmTC_04de5.dir/CheckSymbolExists.c.obj
FAILED: CMakeFiles/cmTC_04de5.dir/CheckSymbolExists.c.obj 
C:\PROGRA~1\JETBRA~1\CLION2~1.2\bin\mingw\bin\gcc.exe   -idirafter "C:/Users/gmamy/Desktop/bit1/leto/IZG/izg_lab_01c/SDL/src/video/khronos"  -fdiagnostics-color=always -o CMakeFiles/cmTC_04de5.dir/CheckSymbolExists.c.obj -c C:/Users/gmamy/Desktop/bit1/leto/IZG/izg_lab_01c/cmake-build-debug/CMakeFiles/CMakeTmp/CheckSymbolExists.c
C:/Users/gmamy/Desktop/bit1/leto/IZG/izg_lab_01c/cmake-build-debug/CMakeFiles/CMakeTmp/CheckSymbolExists.c: In function 'main':
C:/Users/gmamy/Desktop/bit1/leto/IZG/izg_lab_01c/cmake-build-debug/CMakeFiles/CMakeTmp/CheckSymbolExists.c:14:19: error: '_uitoa' undeclared (first use in this function); did you mean '_ultoa'?
   14 |   return ((int*)(&_uitoa))[argc];
      |                   ^~~~~~
      |                   _ultoa
C:/Users/gmamy/Desktop/bit1/leto/IZG/izg_lab_01c/cmake-build-debug/CMakeFiles/CMakeTmp/CheckSymbolExists.c:14:19: note: each undeclared identifier is reported only once for each function it appears in
ninja: build stopped: subcommand failed.


File C:/Users/gmamy/Desktop/bit1/leto/IZG/izg_lab_01c/cmake-build-debug/CMakeFiles/CMakeTmp/CheckSymbolExists.c:
/* */
#include <stddef.h>
#include <stdarg.h>
#include <stdlib.h>
#include <string.h>
#include <stdio.h>
#include <wchar.h>
#include <float.h>

int main(int argc, char** argv)
{
  (void)argv;
#ifndef _uitoa
  return ((int*)(&_uitoa))[argc];
#else
  (void)argc;
  return 0;
#endif
}
Determining if the wcslcat exist failed with the following output:
Change Dir: C:/Users/gmamy/Desktop/bit1/leto/IZG/izg_lab_01c/cmake-build-debug/CMakeFiles/CMakeTmp

Run Build Command(s):C:/Program Files/JetBrains/CLion 2022.3.2/bin/ninja/win/x64/ninja.exe cmTC_925f1 && [1/2] Building C object CMakeFiles/cmTC_925f1.dir/CheckSymbolExists.c.obj
FAILED: CMakeFiles/cmTC_925f1.dir/CheckSymbolExists.c.obj 
C:\PROGRA~1\JETBRA~1\CLION2~1.2\bin\mingw\bin\gcc.exe   -idirafter "C:/Users/gmamy/Desktop/bit1/leto/IZG/izg_lab_01c/SDL/src/video/khronos"  -fdiagnostics-color=always -o CMakeFiles/cmTC_925f1.dir/CheckSymbolExists.c.obj -c C:/Users/gmamy/Desktop/bit1/leto/IZG/izg_lab_01c/cmake-build-debug/CMakeFiles/CMakeTmp/CheckSymbolExists.c
C:/Users/gmamy/Desktop/bit1/leto/IZG/izg_lab_01c/cmake-build-debug/CMakeFiles/CMakeTmp/CheckSymbolExists.c: In function 'main':
C:/Users/gmamy/Desktop/bit1/leto/IZG/izg_lab_01c/cmake-build-debug/CMakeFiles/CMakeTmp/CheckSymbolExists.c:14:19: error: 'wcslcat' undeclared (first use in this function); did you mean 'wcsncat'?
   14 |   return ((int*)(&wcslcat))[argc];
      |                   ^~~~~~~
      |                   wcsncat
C:/Users/gmamy/Desktop/bit1/leto/IZG/izg_lab_01c/cmake-build-debug/CMakeFiles/CMakeTmp/CheckSymbolExists.c:14:19: note: each undeclared identifier is reported only once for each function it appears in
ninja: build stopped: subcommand failed.


File C:/Users/gmamy/Desktop/bit1/leto/IZG/izg_lab_01c/cmake-build-debug/CMakeFiles/CMakeTmp/CheckSymbolExists.c:
/* */
#include <stddef.h>
#include <stdarg.h>
#include <stdlib.h>
#include <string.h>
#include <stdio.h>
#include <wchar.h>
#include <float.h>

int main(int argc, char** argv)
{
  (void)argv;
#ifndef wcslcat
  return ((int*)(&wcslcat))[argc];
#else
  (void)argc;
  return 0;
#endif
}
Determining if the wcslcpy exist failed with the following output:
Change Dir: C:/Users/gmamy/Desktop/bit1/leto/IZG/izg_lab_01c/cmake-build-debug/CMakeFiles/CMakeTmp

Run Build Command(s):C:/Program Files/JetBrains/CLion 2022.3.2/bin/ninja/win/x64/ninja.exe cmTC_61777 && [1/2] Building C object CMakeFiles/cmTC_61777.dir/CheckSymbolExists.c.obj
FAILED: CMakeFiles/cmTC_61777.dir/CheckSymbolExists.c.obj 
C:\PROGRA~1\JETBRA~1\CLION2~1.2\bin\mingw\bin\gcc.exe   -idirafter "C:/Users/gmamy/Desktop/bit1/leto/IZG/izg_lab_01c/SDL/src/video/khronos"  -fdiagnostics-color=always -o CMakeFiles/cmTC_61777.dir/CheckSymbolExists.c.obj -c C:/Users/gmamy/Desktop/bit1/leto/IZG/izg_lab_01c/cmake-build-debug/CMakeFiles/CMakeTmp/CheckSymbolExists.c
C:/Users/gmamy/Desktop/bit1/leto/IZG/izg_lab_01c/cmake-build-debug/CMakeFiles/CMakeTmp/CheckSymbolExists.c: In function 'main':
C:/Users/gmamy/Desktop/bit1/leto/IZG/izg_lab_01c/cmake-build-debug/CMakeFiles/CMakeTmp/CheckSymbolExists.c:14:19: error: 'wcslcpy' undeclared (first use in this function); did you mean 'wcsncpy'?
   14 |   return ((int*)(&wcslcpy))[argc];
      |                   ^~~~~~~
      |                   wcsncpy
C:/Users/gmamy/Desktop/bit1/leto/IZG/izg_lab_01c/cmake-build-debug/CMakeFiles/CMakeTmp/CheckSymbolExists.c:14:19: note: each undeclared identifier is reported only once for each function it appears in
ninja: build stopped: subcommand failed.


File C:/Users/gmamy/Desktop/bit1/leto/IZG/izg_lab_01c/cmake-build-debug/CMakeFiles/CMakeTmp/CheckSymbolExists.c:
/* */
#include <stddef.h>
#include <stdarg.h>
#include <stdlib.h>
#include <string.h>
#include <stdio.h>
#include <wchar.h>
#include <float.h>

int main(int argc, char** argv)
{
  (void)argv;
#ifndef wcslcpy
  return ((int*)(&wcslcpy))[argc];
#else
  (void)argc;
  return 0;
#endif
}
Determining if the wcscasecmp exist failed with the following output:
Change Dir: C:/Users/gmamy/Desktop/bit1/leto/IZG/izg_lab_01c/cmake-build-debug/CMakeFiles/CMakeTmp

Run Build Command(s):C:/Program Files/JetBrains/CLion 2022.3.2/bin/ninja/win/x64/ninja.exe cmTC_73197 && [1/2] Building C object CMakeFiles/cmTC_73197.dir/CheckSymbolExists.c.obj
FAILED: CMakeFiles/cmTC_73197.dir/CheckSymbolExists.c.obj 
C:\PROGRA~1\JETBRA~1\CLION2~1.2\bin\mingw\bin\gcc.exe   -idirafter "C:/Users/gmamy/Desktop/bit1/leto/IZG/izg_lab_01c/SDL/src/video/khronos"  -fdiagnostics-color=always -o CMakeFiles/cmTC_73197.dir/CheckSymbolExists.c.obj -c C:/Users/gmamy/Desktop/bit1/leto/IZG/izg_lab_01c/cmake-build-debug/CMakeFiles/CMakeTmp/CheckSymbolExists.c
C:/Users/gmamy/Desktop/bit1/leto/IZG/izg_lab_01c/cmake-build-debug/CMakeFiles/CMakeTmp/CheckSymbolExists.c: In function 'main':
C:/Users/gmamy/Desktop/bit1/leto/IZG/izg_lab_01c/cmake-build-debug/CMakeFiles/CMakeTmp/CheckSymbolExists.c:14:19: error: 'wcscasecmp' undeclared (first use in this function); did you mean 'strcasecmp'?
   14 |   return ((int*)(&wcscasecmp))[argc];
      |                   ^~~~~~~~~~
      |                   strcasecmp
C:/Users/gmamy/Desktop/bit1/leto/IZG/izg_lab_01c/cmake-build-debug/CMakeFiles/CMakeTmp/CheckSymbolExists.c:14:19: note: each undeclared identifier is reported only once for each function it appears in
ninja: build stopped: subcommand failed.


File C:/Users/gmamy/Desktop/bit1/leto/IZG/izg_lab_01c/cmake-build-debug/CMakeFiles/CMakeTmp/CheckSymbolExists.c:
/* */
#include <stddef.h>
#include <stdarg.h>
#include <stdlib.h>
#include <string.h>
#include <stdio.h>
#include <wchar.h>
#include <float.h>

int main(int argc, char** argv)
{
  (void)argv;
#ifndef wcscasecmp
  return ((int*)(&wcscasecmp))[argc];
#else
  (void)argc;
  return 0;
#endif
}
Determining if the wcsncasecmp exist failed with the following output:
Change Dir: C:/Users/gmamy/Desktop/bit1/leto/IZG/izg_lab_01c/cmake-build-debug/CMakeFiles/CMakeTmp

Run Build Command(s):C:/Program Files/JetBrains/CLion 2022.3.2/bin/ninja/win/x64/ninja.exe cmTC_477fb && [1/2] Building C object CMakeFiles/cmTC_477fb.dir/CheckSymbolExists.c.obj
FAILED: CMakeFiles/cmTC_477fb.dir/CheckSymbolExists.c.obj 
C:\PROGRA~1\JETBRA~1\CLION2~1.2\bin\mingw\bin\gcc.exe   -idirafter "C:/Users/gmamy/Desktop/bit1/leto/IZG/izg_lab_01c/SDL/src/video/khronos"  -fdiagnostics-color=always -o CMakeFiles/cmTC_477fb.dir/CheckSymbolExists.c.obj -c C:/Users/gmamy/Desktop/bit1/leto/IZG/izg_lab_01c/cmake-build-debug/CMakeFiles/CMakeTmp/CheckSymbolExists.c
C:/Users/gmamy/Desktop/bit1/leto/IZG/izg_lab_01c/cmake-build-debug/CMakeFiles/CMakeTmp/CheckSymbolExists.c: In function 'main':
C:/Users/gmamy/Desktop/bit1/leto/IZG/izg_lab_01c/cmake-build-debug/CMakeFiles/CMakeTmp/CheckSymbolExists.c:14:19: error: 'wcsncasecmp' undeclared (first use in this function); did you mean 'strncasecmp'?
   14 |   return ((int*)(&wcsncasecmp))[argc];
      |                   ^~~~~~~~~~~
      |                   strncasecmp
C:/Users/gmamy/Desktop/bit1/leto/IZG/izg_lab_01c/cmake-build-debug/CMakeFiles/CMakeTmp/CheckSymbolExists.c:14:19: note: each undeclared identifier is reported only once for each function it appears in
ninja: build stopped: subcommand failed.


File C:/Users/gmamy/Desktop/bit1/leto/IZG/izg_lab_01c/cmake-build-debug/CMakeFiles/CMakeTmp/CheckSymbolExists.c:
/* */
#include <stddef.h>
#include <stdarg.h>
#include <stdlib.h>
#include <string.h>
#include <stdio.h>
#include <wchar.h>
#include <float.h>

int main(int argc, char** argv)
{
  (void)argv;
#ifndef wcsncasecmp
  return ((int*)(&wcsncasecmp))[argc];
#else
  (void)argc;
  return 0;
#endif
}
Determining if the sigaction exist failed with the following output:
Change Dir: C:/Users/gmamy/Desktop/bit1/leto/IZG/izg_lab_01c/cmake-build-debug/CMakeFiles/CMakeTmp

Run Build Command(s):C:/Program Files/JetBrains/CLion 2022.3.2/bin/ninja/win/x64/ninja.exe cmTC_c11ab && [1/2] Building C object CMakeFiles/cmTC_c11ab.dir/CheckSymbolExists.c.obj
FAILED: CMakeFiles/cmTC_c11ab.dir/CheckSymbolExists.c.obj 
C:\PROGRA~1\JETBRA~1\CLION2~1.2\bin\mingw\bin\gcc.exe   -idirafter "C:/Users/gmamy/Desktop/bit1/leto/IZG/izg_lab_01c/SDL/src/video/khronos"  -fdiagnostics-color=always -o CMakeFiles/cmTC_c11ab.dir/CheckSymbolExists.c.obj -c C:/Users/gmamy/Desktop/bit1/leto/IZG/izg_lab_01c/cmake-build-debug/CMakeFiles/CMakeTmp/CheckSymbolExists.c
C:/Users/gmamy/Desktop/bit1/leto/IZG/izg_lab_01c/cmake-build-debug/CMakeFiles/CMakeTmp/CheckSymbolExists.c: In function 'main':
C:/Users/gmamy/Desktop/bit1/leto/IZG/izg_lab_01c/cmake-build-debug/CMakeFiles/CMakeTmp/CheckSymbolExists.c:8:19: error: 'sigaction' undeclared (first use in this function)
    8 |   return ((int*)(&sigaction))[argc];
      |                   ^~~~~~~~~
C:/Users/gmamy/Desktop/bit1/leto/IZG/izg_lab_01c/cmake-build-debug/CMakeFiles/CMakeTmp/CheckSymbolExists.c:8:19: note: each undeclared identifier is reported only once for each function it appears in
ninja: build stopped: subcommand failed.


File C:/Users/gmamy/Desktop/bit1/leto/IZG/izg_lab_01c/cmake-build-debug/CMakeFiles/CMakeTmp/CheckSymbolExists.c:
/* */
#include <signal.h>

int main(int argc, char** argv)
{
  (void)argv;
#ifndef sigaction
  return ((int*)(&sigaction))[argc];
#else
  (void)argc;
  return 0;
#endif
}
Determining if the sysconf exist failed with the following output:
Change Dir: C:/Users/gmamy/Desktop/bit1/leto/IZG/izg_lab_01c/cmake-build-debug/CMakeFiles/CMakeTmp

Run Build Command(s):C:/Program Files/JetBrains/CLion 2022.3.2/bin/ninja/win/x64/ninja.exe cmTC_cefd3 && [1/2] Building C object CMakeFiles/cmTC_cefd3.dir/CheckSymbolExists.c.obj
FAILED: CMakeFiles/cmTC_cefd3.dir/CheckSymbolExists.c.obj 
C:\PROGRA~1\JETBRA~1\CLION2~1.2\bin\mingw\bin\gcc.exe   -idirafter "C:/Users/gmamy/Desktop/bit1/leto/IZG/izg_lab_01c/SDL/src/video/khronos"  -fdiagnostics-color=always -o CMakeFiles/cmTC_cefd3.dir/CheckSymbolExists.c.obj -c C:/Users/gmamy/Desktop/bit1/leto/IZG/izg_lab_01c/cmake-build-debug/CMakeFiles/CMakeTmp/CheckSymbolExists.c
C:/Users/gmamy/Desktop/bit1/leto/IZG/izg_lab_01c/cmake-build-debug/CMakeFiles/CMakeTmp/CheckSymbolExists.c: In function 'main':
C:/Users/gmamy/Desktop/bit1/leto/IZG/izg_lab_01c/cmake-build-debug/CMakeFiles/CMakeTmp/CheckSymbolExists.c:8:19: error: 'sysconf' undeclared (first use in this function)
    8 |   return ((int*)(&sysconf))[argc];
      |                   ^~~~~~~
C:/Users/gmamy/Desktop/bit1/leto/IZG/izg_lab_01c/cmake-build-debug/CMakeFiles/CMakeTmp/CheckSymbolExists.c:8:19: note: each undeclared identifier is reported only once for each function it appears in
ninja: build stopped: subcommand failed.


File C:/Users/gmamy/Desktop/bit1/leto/IZG/izg_lab_01c/cmake-build-debug/CMakeFiles/CMakeTmp/CheckSymbolExists.c:
/* */
#include <unistd.h>

int main(int argc, char** argv)
{
  (void)argv;
#ifndef sysconf
  return ((int*)(&sysconf))[argc];
#else
  (void)argc;
  return 0;
#endif
}
Determining if the sysctlbyname exist failed with the following output:
Change Dir: C:/Users/gmamy/Desktop/bit1/leto/IZG/izg_lab_01c/cmake-build-debug/CMakeFiles/CMakeTmp

Run Build Command(s):C:/Program Files/JetBrains/CLion 2022.3.2/bin/ninja/win/x64/ninja.exe cmTC_d23bf && [1/2] Building C object CMakeFiles/cmTC_d23bf.dir/CheckSymbolExists.c.obj
FAILED: CMakeFiles/cmTC_d23bf.dir/CheckSymbolExists.c.obj 
C:\PROGRA~1\JETBRA~1\CLION2~1.2\bin\mingw\bin\gcc.exe   -idirafter "C:/Users/gmamy/Desktop/bit1/leto/IZG/izg_lab_01c/SDL/src/video/khronos"  -fdiagnostics-color=always -o CMakeFiles/cmTC_d23bf.dir/CheckSymbolExists.c.obj -c C:/Users/gmamy/Desktop/bit1/leto/IZG/izg_lab_01c/cmake-build-debug/CMakeFiles/CMakeTmp/CheckSymbolExists.c
C:/Users/gmamy/Desktop/bit1/leto/IZG/izg_lab_01c/cmake-build-debug/CMakeFiles/CMakeTmp/CheckSymbolExists.c:3:10: fatal error: sys/sysctl.h: No such file or directory
    3 | #include <sys/sysctl.h>
      |          ^~~~~~~~~~~~~~
compilation terminated.
ninja: build stopped: subcommand failed.


File C:/Users/gmamy/Desktop/bit1/leto/IZG/izg_lab_01c/cmake-build-debug/CMakeFiles/CMakeTmp/CheckSymbolExists.c:
/* */
#include <sys/types.h>
#include <sys/sysctl.h>

int main(int argc, char** argv)
{
  (void)argv;
#ifndef sysctlbyname
  return ((int*)(&sysctlbyname))[argc];
#else
  (void)argc;
  return 0;
#endif
}
Determining if the getauxval exist failed with the following output:
Change Dir: C:/Users/gmamy/Desktop/bit1/leto/IZG/izg_lab_01c/cmake-build-debug/CMakeFiles/CMakeTmp

Run Build Command(s):C:/Program Files/JetBrains/CLion 2022.3.2/bin/ninja/win/x64/ninja.exe cmTC_23f0c && [1/2] Building C object CMakeFiles/cmTC_23f0c.dir/CheckSymbolExists.c.obj
FAILED: CMakeFiles/cmTC_23f0c.dir/CheckSymbolExists.c.obj 
C:\PROGRA~1\JETBRA~1\CLION2~1.2\bin\mingw\bin\gcc.exe   -idirafter "C:/Users/gmamy/Desktop/bit1/leto/IZG/izg_lab_01c/SDL/src/video/khronos"  -fdiagnostics-color=always -o CMakeFiles/cmTC_23f0c.dir/CheckSymbolExists.c.obj -c C:/Users/gmamy/Desktop/bit1/leto/IZG/izg_lab_01c/cmake-build-debug/CMakeFiles/CMakeTmp/CheckSymbolExists.c
C:/Users/gmamy/Desktop/bit1/leto/IZG/izg_lab_01c/cmake-build-debug/CMakeFiles/CMakeTmp/CheckSymbolExists.c:2:10: fatal error: sys/auxv.h: No such file or directory
    2 | #include <sys/auxv.h>
      |          ^~~~~~~~~~~~
compilation terminated.
ninja: build stopped: subcommand failed.


File C:/Users/gmamy/Desktop/bit1/leto/IZG/izg_lab_01c/cmake-build-debug/CMakeFiles/CMakeTmp/CheckSymbolExists.c:
/* */
#include <sys/auxv.h>

int main(int argc, char** argv)
{
  (void)argv;
#ifndef getauxval
  return ((int*)(&getauxval))[argc];
#else
  (void)argc;
  return 0;
#endif
}
Determining if the elf_aux_info exist failed with the following output:
Change Dir: C:/Users/gmamy/Desktop/bit1/leto/IZG/izg_lab_01c/cmake-build-debug/CMakeFiles/CMakeTmp

Run Build Command(s):C:/Program Files/JetBrains/CLion 2022.3.2/bin/ninja/win/x64/ninja.exe cmTC_7a0d2 && [1/2] Building C object CMakeFiles/cmTC_7a0d2.dir/CheckSymbolExists.c.obj
FAILED: CMakeFiles/cmTC_7a0d2.dir/CheckSymbolExists.c.obj 
C:\PROGRA~1\JETBRA~1\CLION2~1.2\bin\mingw\bin\gcc.exe   -idirafter "C:/Users/gmamy/Desktop/bit1/leto/IZG/izg_lab_01c/SDL/src/video/khronos"  -fdiagnostics-color=always -o CMakeFiles/cmTC_7a0d2.dir/CheckSymbolExists.c.obj -c C:/Users/gmamy/Desktop/bit1/leto/IZG/izg_lab_01c/cmake-build-debug/CMakeFiles/CMakeTmp/CheckSymbolExists.c
C:/Users/gmamy/Desktop/bit1/leto/IZG/izg_lab_01c/cmake-build-debug/CMakeFiles/CMakeTmp/CheckSymbolExists.c:2:10: fatal error: sys/auxv.h: No such file or directory
    2 | #include <sys/auxv.h>
      |          ^~~~~~~~~~~~
compilation terminated.
ninja: build stopped: subcommand failed.


File C:/Users/gmamy/Desktop/bit1/leto/IZG/izg_lab_01c/cmake-build-debug/CMakeFiles/CMakeTmp/CheckSymbolExists.c:
/* */
#include <sys/auxv.h>

int main(int argc, char** argv)
{
  (void)argv;
#ifndef elf_aux_info
  return ((int*)(&elf_aux_info))[argc];
#else
  (void)argc;
  return 0;
#endif
}
Determining if the poll exist failed with the following output:
Change Dir: C:/Users/gmamy/Desktop/bit1/leto/IZG/izg_lab_01c/cmake-build-debug/CMakeFiles/CMakeTmp

Run Build Command(s):C:/Program Files/JetBrains/CLion 2022.3.2/bin/ninja/win/x64/ninja.exe cmTC_82a95 && [1/2] Building C object CMakeFiles/cmTC_82a95.dir/CheckSymbolExists.c.obj
FAILED: CMakeFiles/cmTC_82a95.dir/CheckSymbolExists.c.obj 
C:\PROGRA~1\JETBRA~1\CLION2~1.2\bin\mingw\bin\gcc.exe   -idirafter "C:/Users/gmamy/Desktop/bit1/leto/IZG/izg_lab_01c/SDL/src/video/khronos"  -fdiagnostics-color=always -o CMakeFiles/cmTC_82a95.dir/CheckSymbolExists.c.obj -c C:/Users/gmamy/Desktop/bit1/leto/IZG/izg_lab_01c/cmake-build-debug/CMakeFiles/CMakeTmp/CheckSymbolExists.c
C:/Users/gmamy/Desktop/bit1/leto/IZG/izg_lab_01c/cmake-build-debug/CMakeFiles/CMakeTmp/CheckSymbolExists.c:2:10: fatal error: poll.h: No such file or directory
    2 | #include <poll.h>
      |          ^~~~~~~~
compilation terminated.
ninja: build stopped: subcommand failed.


File C:/Users/gmamy/Desktop/bit1/leto/IZG/izg_lab_01c/cmake-build-debug/CMakeFiles/CMakeTmp/CheckSymbolExists.c:
/* */
#include <poll.h>

int main(int argc, char** argv)
{
  (void)argv;
#ifndef poll
  return ((int*)(&poll))[argc];
#else
  (void)argc;
  return 0;
#endif
}
Determining if the function iconv_open exists in the iconv failed with the following output:
Change Dir: C:/Users/gmamy/Desktop/bit1/leto/IZG/izg_lab_01c/cmake-build-debug/CMakeFiles/CMakeTmp

Run Build Command(s):C:/Program Files/JetBrains/CLion 2022.3.2/bin/ninja/win/x64/ninja.exe cmTC_c7ec2 && [1/2] Building C object CMakeFiles/cmTC_c7ec2.dir/CheckFunctionExists.c.obj
[2/2] Linking C executable cmTC_c7ec2.exe
FAILED: cmTC_c7ec2.exe 
cmd.exe /C "cd . && C:\PROGRA~1\JETBRA~1\CLION2~1.2\bin\mingw\bin\gcc.exe -idirafter "C:/Users/gmamy/Desktop/bit1/leto/IZG/izg_lab_01c/SDL/src/video/khronos" -DCHECK_FUNCTION_EXISTS=iconv_open  CMakeFiles/cmTC_c7ec2.dir/CheckFunctionExists.c.obj -o cmTC_c7ec2.exe -Wl,--out-implib,libcmTC_c7ec2.dll.a -Wl,--major-image-version,0,--minor-image-version,0  -liconv  -lkernel32 -luser32 -lgdi32 -lwinspool -lshell32 -lole32 -loleaut32 -luuid -lcomdlg32 -ladvapi32 && cd ."
C:\Program Files\JetBrains\CLion 2022.3.2\bin\mingw\bin/ld.exe: CMakeFiles/cmTC_c7ec2.dir/CheckFunctionExists.c.obj:CheckFunctionExists.c:(.text+0x15): undefined reference to `iconv_open'
collect2.exe: error: ld returned 1 exit status
ninja: build stopped: subcommand failed.



Determining if the function iconv_open exists in the c failed with the following output:
Change Dir: C:/Users/gmamy/Desktop/bit1/leto/IZG/izg_lab_01c/cmake-build-debug/CMakeFiles/CMakeTmp

Run Build Command(s):C:/Program Files/JetBrains/CLion 2022.3.2/bin/ninja/win/x64/ninja.exe cmTC_c4a22 && [1/2] Building C object CMakeFiles/cmTC_c4a22.dir/CheckFunctionExists.c.obj
[2/2] Linking C executable cmTC_c4a22.exe
FAILED: cmTC_c4a22.exe 
cmd.exe /C "cd . && C:\PROGRA~1\JETBRA~1\CLION2~1.2\bin\mingw\bin\gcc.exe -idirafter "C:/Users/gmamy/Desktop/bit1/leto/IZG/izg_lab_01c/SDL/src/video/khronos" -DCHECK_FUNCTION_EXISTS=iconv_open  CMakeFiles/cmTC_c4a22.dir/CheckFunctionExists.c.obj -o cmTC_c4a22.exe -Wl,--out-implib,libcmTC_c4a22.dll.a -Wl,--major-image-version,0,--minor-image-version,0  -lc  -lkernel32 -luser32 -lgdi32 -lwinspool -lshell32 -lole32 -loleaut32 -luuid -lcomdlg32 -ladvapi32 && cd ."
C:\Program Files\JetBrains\CLion 2022.3.2\bin\mingw\bin/ld.exe: cannot find -lc
collect2.exe: error: ld returned 1 exit status
ninja: build stopped: subcommand failed.



Determining if the include file alloca.h exists failed with the following output:
Change Dir: C:/Users/gmamy/Desktop/bit1/leto/IZG/izg_lab_01c/cmake-build-debug/CMakeFiles/CMakeTmp

Run Build Command(s):C:/Program Files/JetBrains/CLion 2022.3.2/bin/ninja/win/x64/ninja.exe cmTC_eb155 && [1/2] Building C object CMakeFiles/cmTC_eb155.dir/CheckIncludeFile.c.obj
FAILED: CMakeFiles/cmTC_eb155.dir/CheckIncludeFile.c.obj 
C:\PROGRA~1\JETBRA~1\CLION2~1.2\bin\mingw\bin\gcc.exe   -idirafter "C:/Users/gmamy/Desktop/bit1/leto/IZG/izg_lab_01c/SDL/src/video/khronos"  -fdiagnostics-color=always -o CMakeFiles/cmTC_eb155.dir/CheckIncludeFile.c.obj -c C:/Users/gmamy/Desktop/bit1/leto/IZG/izg_lab_01c/cmake-build-debug/CMakeFiles/CMakeTmp/CheckIncludeFile.c
C:/Users/gmamy/Desktop/bit1/leto/IZG/izg_lab_01c/cmake-build-debug/CMakeFiles/CMakeTmp/CheckIncludeFile.c:1:10: fatal error: alloca.h: No such file or directory
    1 | #include <alloca.h>
      |          ^~~~~~~~~~
compilation terminated.
ninja: build stopped: subcommand failed.



Determining if the alloca exist failed with the following output:
Change Dir: C:/Users/gmamy/Desktop/bit1/leto/IZG/izg_lab_01c/cmake-build-debug/CMakeFiles/CMakeTmp

Run Build Command(s):C:/Program Files/JetBrains/CLion 2022.3.2/bin/ninja/win/x64/ninja.exe cmTC_f616c && [1/2] Building C object CMakeFiles/cmTC_f616c.dir/CheckSymbolExists.c.obj
FAILED: CMakeFiles/cmTC_f616c.dir/CheckSymbolExists.c.obj 
C:\PROGRA~1\JETBRA~1\CLION2~1.2\bin\mingw\bin\gcc.exe   -idirafter "C:/Users/gmamy/Desktop/bit1/leto/IZG/izg_lab_01c/SDL/src/video/khronos"  -fdiagnostics-color=always -o CMakeFiles/cmTC_f616c.dir/CheckSymbolExists.c.obj -c C:/Users/gmamy/Desktop/bit1/leto/IZG/izg_lab_01c/cmake-build-debug/CMakeFiles/CMakeTmp/CheckSymbolExists.c
C:/Users/gmamy/Desktop/bit1/leto/IZG/izg_lab_01c/cmake-build-debug/CMakeFiles/CMakeTmp/CheckSymbolExists.c:2:10: fatal error: alloca.h: No such file or directory
    2 | #include <alloca.h>
      |          ^~~~~~~~~~
compilation terminated.
ninja: build stopped: subcommand failed.


File C:/Users/gmamy/Desktop/bit1/leto/IZG/izg_lab_01c/cmake-build-debug/CMakeFiles/CMakeTmp/CheckSymbolExists.c:
/* */
#include <alloca.h>

int main(int argc, char** argv)
{
  (void)argv;
#ifndef alloca
  return ((int*)(&alloca))[argc];
#else
  (void)argc;
  return 0;
#endif
}
Performing C SOURCE FILE Test HAVE_SA_SIGACTION failed with the following output:
Change Dir: C:/Users/gmamy/Desktop/bit1/leto/IZG/izg_lab_01c/cmake-build-debug/CMakeFiles/CMakeTmp

Run Build Command(s):C:/Program Files/JetBrains/CLion 2022.3.2/bin/ninja/win/x64/ninja.exe cmTC_eb18f && [1/2] Building C object CMakeFiles/cmTC_eb18f.dir/src.c.obj
FAILED: CMakeFiles/cmTC_eb18f.dir/src.c.obj 
C:\PROGRA~1\JETBRA~1\CLION2~1.2\bin\mingw\bin\gcc.exe -DHAVE_SA_SIGACTION  -idirafter "C:/Users/gmamy/Desktop/bit1/leto/IZG/izg_lab_01c/SDL/src/video/khronos"  -fdiagnostics-color=always -o CMakeFiles/cmTC_eb18f.dir/src.c.obj -c C:/Users/gmamy/Desktop/bit1/leto/IZG/izg_lab_01c/cmake-build-debug/CMakeFiles/CMakeTmp/src.c
C:/Users/gmamy/Desktop/bit1/leto/IZG/izg_lab_01c/cmake-build-debug/CMakeFiles/CMakeTmp/src.c: In function 'main':
C:/Users/gmamy/Desktop/bit1/leto/IZG/izg_lab_01c/cmake-build-debug/CMakeFiles/CMakeTmp/src.c:6:39: error: invalid use of undefined type 'struct sigaction'
    6 |   (void)sizeof(((struct sigaction *)0)->sa_sigaction);
      |                                       ^~
ninja: build stopped: subcommand failed.


Source file was:

#include <signal.h>

int main()
{
  (void)sizeof(((struct sigaction *)0)->sa_sigaction);
  return 0;
}

Performing C SOURCE FILE Test HAVE_XINPUT_GAMEPAD_EX failed with the following output:
Change Dir: C:/Users/gmamy/Desktop/bit1/leto/IZG/izg_lab_01c/cmake-build-debug/CMakeFiles/CMakeTmp

Run Build Command(s):C:/Program Files/JetBrains/CLion 2022.3.2/bin/ninja/win/x64/ninja.exe cmTC_bef2c && [1/2] Building C object CMakeFiles/cmTC_bef2c.dir/src.c.obj
FAILED: CMakeFiles/cmTC_bef2c.dir/src.c.obj 
C:\PROGRA~1\JETBRA~1\CLION2~1.2\bin\mingw\bin\gcc.exe -DHAVE_XINPUT_GAMEPAD_EX  -idirafter "C:/Users/gmamy/Desktop/bit1/leto/IZG/izg_lab_01c/SDL/src/video/khronos"  -fdiagnostics-color=always -o CMakeFiles/cmTC_bef2c.dir/src.c.obj -c C:/Users/gmamy/Desktop/bit1/leto/IZG/izg_lab_01c/cmake-build-debug/CMakeFiles/CMakeTmp/src.c
C:/Users/gmamy/Desktop/bit1/leto/IZG/izg_lab_01c/cmake-build-debug/CMakeFiles/CMakeTmp/src.c:4:7: error: unknown type name 'XINPUT_GAMEPAD_EX'; did you mean 'XINPUT_GAMEPAD_X'?
    4 |       XINPUT_GAMEPAD_EX x1;
      |       ^~~~~~~~~~~~~~~~~
      |       XINPUT_GAMEPAD_X
ninja: build stopped: subcommand failed.


Source file was:

      #include <windows.h>
      #include <xinput.h>
      XINPUT_GAMEPAD_EX x1;
      int main(int argc, char **argv) { return 0; }
Performing C SOURCE FILE Test HAVE_XINPUT_STATE_EX failed with the following output:
Change Dir: C:/Users/gmamy/Desktop/bit1/leto/IZG/izg_lab_01c/cmake-build-debug/CMakeFiles/CMakeTmp

Run Build Command(s):C:/Program Files/JetBrains/CLion 2022.3.2/bin/ninja/win/x64/ninja.exe cmTC_01074 && [1/2] Building C object CMakeFiles/cmTC_01074.dir/src.c.obj
FAILED: CMakeFiles/cmTC_01074.dir/src.c.obj 
C:\PROGRA~1\JETBRA~1\CLION2~1.2\bin\mingw\bin\gcc.exe -DHAVE_XINPUT_STATE_EX  -idirafter "C:/Users/gmamy/Desktop/bit1/leto/IZG/izg_lab_01c/SDL/src/video/khronos"  -fdiagnostics-color=always -o CMakeFiles/cmTC_01074.dir/src.c.obj -c C:/Users/gmamy/Desktop/bit1/leto/IZG/izg_lab_01c/cmake-build-debug/CMakeFiles/CMakeTmp/src.c
C:/Users/gmamy/Desktop/bit1/leto/IZG/izg_lab_01c/cmake-build-debug/CMakeFiles/CMakeTmp/src.c:4:7: error: unknown type name 'XINPUT_STATE_EX'; did you mean 'XINPUT_STATE'?
    4 |       XINPUT_STATE_EX s1;
      |       ^~~~~~~~~~~~~~~
      |       XINPUT_STATE
ninja: build stopped: subcommand failed.


Source file was:

      #include <windows.h>
      #include <xinput.h>
      XINPUT_STATE_EX s1;
      int main(int argc, char **argv) { return 0; }
Performing C SOURCE FILE Test HAVE_WINDOWS_GAMING_INPUT_H failed with the following output:
Change Dir: C:/Users/gmamy/Desktop/bit1/leto/IZG/izg_lab_01c/cmake-build-debug/CMakeFiles/CMakeTmp

Run Build Command(s):C:/Program Files/JetBrains/CLion 2022.3.2/bin/ninja/win/x64/ninja.exe cmTC_26a48 && [1/2] Building C object CMakeFiles/cmTC_26a48.dir/src.c.obj
FAILED: CMakeFiles/cmTC_26a48.dir/src.c.obj 
C:\PROGRA~1\JETBRA~1\CLION2~1.2\bin\mingw\bin\gcc.exe -DHAVE_WINDOWS_GAMING_INPUT_H  -idirafter "C:/Users/gmamy/Desktop/bit1/leto/IZG/izg_lab_01c/SDL/src/video/khronos"  -fdiagnostics-color=always -o CMakeFiles/cmTC_26a48.dir/src.c.obj -c C:/Users/gmamy/Desktop/bit1/leto/IZG/izg_lab_01c/cmake-build-debug/CMakeFiles/CMakeTmp/src.c
C:/Users/gmamy/Desktop/bit1/leto/IZG/izg_lab_01c/cmake-build-debug/CMakeFiles/CMakeTmp/src.c:3:16: fatal error: windows.gaming.input.h: No such file or directory
    3 |       #include <windows.gaming.input.h>
      |                ^~~~~~~~~~~~~~~~~~~~~~~~
compilation terminated.
ninja: build stopped: subcommand failed.


Source file was:

      #define COBJMACROS
      #include <windows.gaming.input.h>
      __x_ABI_CWindows_CGaming_CInput_CIGamepadStatics2 *s2;
      int main(int argc, char **argv) { return 0; }
