Performing C SOURCE FILE Test HAVE_GCC_PREFERRED_STACK_BOUNDARY failed with the following output:
Change Dir: C:/Users/gmamy/Desktop/bit1/leto/IZG/izg_lab_02/cmake-build-debug/CMakeFiles/CMakeTmp

Run Build Command(s):C:/Program Files/JetBrains/CLion 2022.3.2/bin/ninja/win/x64/ninja.exe cmTC_6459d && [1/2] Building C object CMakeFiles/cmTC_6459d.dir/src.c.obj
FAILED: CMakeFiles/cmTC_6459d.dir/src.c.obj 
C:\PROGRA~1\JETBRA~1\CLION2~1.2\bin\mingw\bin\gcc.exe -DHAVE_GCC_PREFERRED_STACK_BOUNDARY  -idirafter "C:/Users/gmamy/Desktop/bit1/leto/IZG/izg_lab_02/SDL/src/video/khronos" -mpreferred-stack-boundary=2 -fdiagnostics-color=always -o CMakeFiles/cmTC_6459d.dir/src.c.obj -c C:/Users/gmamy/Desktop/bit1/leto/IZG/izg_lab_02/cmake-build-debug/CMakeFiles/CMakeTmp/src.c
cc1.exe: error: '-mpreferred-stack-boundary=2' is not between 3 and 4
ninja: build stopped: subcommand failed.


Source file was:
int x = 0; int main(int argc, char **argv) {}
Performing C SOURCE FILE Test HAVE_ALTIVEC_H_HDR failed with the following output:
Change Dir: C:/Users/gmamy/Desktop/bit1/leto/IZG/izg_lab_02/cmake-build-debug/CMakeFiles/CMakeTmp

Run Build Command(s):C:/Program Files/JetBrains/CLion 2022.3.2/bin/ninja/win/x64/ninja.exe cmTC_9619a && [1/2] Building C object CMakeFiles/cmTC_9619a.dir/src.c.obj
FAILED: CMakeFiles/cmTC_9619a.dir/src.c.obj 
C:\PROGRA~1\JETBRA~1\CLION2~1.2\bin\mingw\bin\gcc.exe -DHAVE_ALTIVEC_H_HDR  -idirafter "C:/Users/gmamy/Desktop/bit1/leto/IZG/izg_lab_02/SDL/src/video/khronos" -maltivec -fdiagnostics-color=always -o CMakeFiles/cmTC_9619a.dir/src.c.obj -c C:/Users/gmamy/Desktop/bit1/leto/IZG/izg_lab_02/cmake-build-debug/CMakeFiles/CMakeTmp/src.c
gcc.exe: error: unrecognized command-line option '-maltivec'
ninja: build stopped: subcommand failed.


Source file was:

          #include <altivec.h>
          vector unsigned int vzero() {
              return vec_splat_u32(0);
          }
          int main(int argc, char **argv) { }
Performing C SOURCE FILE Test HAVE_ALTIVEC failed with the following output:
Change Dir: C:/Users/gmamy/Desktop/bit1/leto/IZG/izg_lab_02/cmake-build-debug/CMakeFiles/CMakeTmp

Run Build Command(s):C:/Program Files/JetBrains/CLion 2022.3.2/bin/ninja/win/x64/ninja.exe cmTC_9ac07 && [1/2] Building C object CMakeFiles/cmTC_9ac07.dir/src.c.obj
FAILED: CMakeFiles/cmTC_9ac07.dir/src.c.obj 
C:\PROGRA~1\JETBRA~1\CLION2~1.2\bin\mingw\bin\gcc.exe -DHAVE_ALTIVEC  -idirafter "C:/Users/gmamy/Desktop/bit1/leto/IZG/izg_lab_02/SDL/src/video/khronos" -maltivec -fdiagnostics-color=always -o CMakeFiles/cmTC_9ac07.dir/src.c.obj -c C:/Users/gmamy/Desktop/bit1/leto/IZG/izg_lab_02/cmake-build-debug/CMakeFiles/CMakeTmp/src.c
gcc.exe: error: unrecognized command-line option '-maltivec'
ninja: build stopped: subcommand failed.


Source file was:

          vector unsigned int vzero() {
              return vec_splat_u32(0);
          }
          int main(int argc, char **argv) { }
Determining if the include file iconv.h exists failed with the following output:
Change Dir: C:/Users/gmamy/Desktop/bit1/leto/IZG/izg_lab_02/cmake-build-debug/CMakeFiles/CMakeTmp

Run Build Command(s):C:/Program Files/JetBrains/CLion 2022.3.2/bin/ninja/win/x64/ninja.exe cmTC_49299 && [1/2] Building C object CMakeFiles/cmTC_49299.dir/CheckIncludeFile.c.obj
FAILED: CMakeFiles/cmTC_49299.dir/CheckIncludeFile.c.obj 
C:\PROGRA~1\JETBRA~1\CLION2~1.2\bin\mingw\bin\gcc.exe   -idirafter "C:/Users/gmamy/Desktop/bit1/leto/IZG/izg_lab_02/SDL/src/video/khronos"  -fdiagnostics-color=always -o CMakeFiles/cmTC_49299.dir/CheckIncludeFile.c.obj -c C:/Users/gmamy/Desktop/bit1/leto/IZG/izg_lab_02/cmake-build-debug/CMakeFiles/CMakeTmp/CheckIncludeFile.c
C:/Users/gmamy/Desktop/bit1/leto/IZG/izg_lab_02/cmake-build-debug/CMakeFiles/CMakeTmp/CheckIncludeFile.c:1:10: fatal error: iconv.h: No such file or directory
    1 | #include <iconv.h>
      |          ^~~~~~~~~
compilation terminated.
ninja: build stopped: subcommand failed.



Determining if the include file libunwind.h exists failed with the following output:
Change Dir: C:/Users/gmamy/Desktop/bit1/leto/IZG/izg_lab_02/cmake-build-debug/CMakeFiles/CMakeTmp

Run Build Command(s):C:/Program Files/JetBrains/CLion 2022.3.2/bin/ninja/win/x64/ninja.exe cmTC_e23f0 && [1/2] Building C object CMakeFiles/cmTC_e23f0.dir/CheckIncludeFile.c.obj
FAILED: CMakeFiles/cmTC_e23f0.dir/CheckIncludeFile.c.obj 
C:\PROGRA~1\JETBRA~1\CLION2~1.2\bin\mingw\bin\gcc.exe   -idirafter "C:/Users/gmamy/Desktop/bit1/leto/IZG/izg_lab_02/SDL/src/video/khronos"  -fdiagnostics-color=always -o CMakeFiles/cmTC_e23f0.dir/CheckIncludeFile.c.obj -c C:/Users/gmamy/Desktop/bit1/leto/IZG/izg_lab_02/cmake-build-debug/CMakeFiles/CMakeTmp/CheckIncludeFile.c
C:/Users/gmamy/Desktop/bit1/leto/IZG/izg_lab_02/cmake-build-debug/CMakeFiles/CMakeTmp/CheckIncludeFile.c:1:10: fatal error: libunwind.h: No such file or directory
    1 | #include <libunwind.h>
      |          ^~~~~~~~~~~~~
compilation terminated.
ninja: build stopped: subcommand failed.



Performing C SOURCE FILE Test HAVE_MPROTECT failed with the following output:
Change Dir: C:/Users/gmamy/Desktop/bit1/leto/IZG/izg_lab_02/cmake-build-debug/CMakeFiles/CMakeTmp

Run Build Command(s):C:/Program Files/JetBrains/CLion 2022.3.2/bin/ninja/win/x64/ninja.exe cmTC_62017 && [1/2] Building C object CMakeFiles/cmTC_62017.dir/src.c.obj
FAILED: CMakeFiles/cmTC_62017.dir/src.c.obj 
C:\PROGRA~1\JETBRA~1\CLION2~1.2\bin\mingw\bin\gcc.exe -DHAVE_MPROTECT  -idirafter "C:/Users/gmamy/Desktop/bit1/leto/IZG/izg_lab_02/SDL/src/video/khronos"  -fdiagnostics-color=always -o CMakeFiles/cmTC_62017.dir/src.c.obj -c C:/Users/gmamy/Desktop/bit1/leto/IZG/izg_lab_02/cmake-build-debug/CMakeFiles/CMakeTmp/src.c
C:/Users/gmamy/Desktop/bit1/leto/IZG/izg_lab_02/cmake-build-debug/CMakeFiles/CMakeTmp/src.c:2:39: fatal error: sys/mman.h: No such file or directory
    2 |                              #include <sys/mman.h>
      |                                       ^~~~~~~~~~~~
compilation terminated.
ninja: build stopped: subcommand failed.


Source file was:
#include <sys/types.h>
                             #include <sys/mman.h>
                             int main() { }
Determining if the setenv exist failed with the following output:
Change Dir: C:/Users/gmamy/Desktop/bit1/leto/IZG/izg_lab_02/cmake-build-debug/CMakeFiles/CMakeTmp

Run Build Command(s):C:/Program Files/JetBrains/CLion 2022.3.2/bin/ninja/win/x64/ninja.exe cmTC_83824 && [1/2] Building C object CMakeFiles/cmTC_83824.dir/CheckSymbolExists.c.obj
FAILED: CMakeFiles/cmTC_83824.dir/CheckSymbolExists.c.obj 
C:\PROGRA~1\JETBRA~1\CLION2~1.2\bin\mingw\bin\gcc.exe   -idirafter "C:/Users/gmamy/Desktop/bit1/leto/IZG/izg_lab_02/SDL/src/video/khronos"  -fdiagnostics-color=always -o CMakeFiles/cmTC_83824.dir/CheckSymbolExists.c.obj -c C:/Users/gmamy/Desktop/bit1/leto/IZG/izg_lab_02/cmake-build-debug/CMakeFiles/CMakeTmp/CheckSymbolExists.c
C:/Users/gmamy/Desktop/bit1/leto/IZG/izg_lab_02/cmake-build-debug/CMakeFiles/CMakeTmp/CheckSymbolExists.c: In function 'main':
C:/Users/gmamy/Desktop/bit1/leto/IZG/izg_lab_02/cmake-build-debug/CMakeFiles/CMakeTmp/CheckSymbolExists.c:14:19: error: 'setenv' undeclared (first use in this function); did you mean 'getenv'?
   14 |   return ((int*)(&setenv))[argc];
      |                   ^~~~~~
      |                   getenv
C:/Users/gmamy/Desktop/bit1/leto/IZG/izg_lab_02/cmake-build-debug/CMakeFiles/CMakeTmp/CheckSymbolExists.c:14:19: note: each undeclared identifier is reported only once for each function it appears in
ninja: build stopped: subcommand failed.


File C:/Users/gmamy/Desktop/bit1/leto/IZG/izg_lab_02/cmake-build-debug/CMakeFiles/CMakeTmp/CheckSymbolExists.c:
/* */
#include <stddef.h>
#include <stdarg.h>
#include <stdlib.h>
#include <string.h>
#include <stdio.h>
#include <wchar.h>
#include <float.h>

int main(int argc, char** argv)
{
  (void)argv;
#ifndef setenv
  return ((int*)(&setenv))[argc];
#else
  (void)argc;
  return 0;
#endif
}
Determining if the unsetenv exist failed with the following output:
Change Dir: C:/Users/gmamy/Desktop/bit1/leto/IZG/izg_lab_02/cmake-build-debug/CMakeFiles/CMakeTmp

Run Build Command(s):C:/Program Files/JetBrains/CLion 2022.3.2/bin/ninja/win/x64/ninja.exe cmTC_4eaef && [1/2] Building C object CMakeFiles/cmTC_4eaef.dir/CheckSymbolExists.c.obj
FAILED: CMakeFiles/cmTC_4eaef.dir/CheckSymbolExists.c.obj 
C:\PROGRA~1\JETBRA~1\CLION2~1.2\bin\mingw\bin\gcc.exe   -idirafter "C:/Users/gmamy/Desktop/bit1/leto/IZG/izg_lab_02/SDL/src/video/khronos"  -fdiagnostics-color=always -o CMakeFiles/cmTC_4eaef.dir/CheckSymbolExists.c.obj -c C:/Users/gmamy/Desktop/bit1/leto/IZG/izg_lab_02/cmake-build-debug/CMakeFiles/CMakeTmp/CheckSymbolExists.c
C:/Users/gmamy/Desktop/bit1/leto/IZG/izg_lab_02/cmake-build-debug/CMakeFiles/CMakeTmp/CheckSymbolExists.c: In function 'main':
C:/Users/gmamy/Desktop/bit1/leto/IZG/izg_lab_02/cmake-build-debug/CMakeFiles/CMakeTmp/CheckSymbolExists.c:14:19: error: 'unsetenv' undeclared (first use in this function)
   14 |   return ((int*)(&unsetenv))[argc];
      |                   ^~~~~~~~
C:/Users/gmamy/Desktop/bit1/leto/IZG/izg_lab_02/cmake-build-debug/CMakeFiles/CMakeTmp/CheckSymbolExists.c:14:19: note: each undeclared identifier is reported only once for each function it appears in
ninja: build stopped: subcommand failed.


File C:/Users/gmamy/Desktop/bit1/leto/IZG/izg_lab_02/cmake-build-debug/CMakeFiles/CMakeTmp/CheckSymbolExists.c:
/* */
#include <stddef.h>
#include <stdarg.h>
#include <stdlib.h>
#include <string.h>
#include <stdio.h>
#include <wchar.h>
#include <float.h>

int main(int argc, char** argv)
{
  (void)argv;
#ifndef unsetenv
  return ((int*)(&unsetenv))[argc];
#else
  (void)argc;
  return 0;
#endif
}
Determining if the bcopy exist failed with the following output:
Change Dir: C:/Users/gmamy/Desktop/bit1/leto/IZG/izg_lab_02/cmake-build-debug/CMakeFiles/CMakeTmp

Run Build Command(s):C:/Program Files/JetBrains/CLion 2022.3.2/bin/ninja/win/x64/ninja.exe cmTC_1d9ed && [1/2] Building C object CMakeFiles/cmTC_1d9ed.dir/CheckSymbolExists.c.obj
FAILED: CMakeFiles/cmTC_1d9ed.dir/CheckSymbolExists.c.obj 
C:\PROGRA~1\JETBRA~1\CLION2~1.2\bin\mingw\bin\gcc.exe   -idirafter "C:/Users/gmamy/Desktop/bit1/leto/IZG/izg_lab_02/SDL/src/video/khronos"  -fdiagnostics-color=always -o CMakeFiles/cmTC_1d9ed.dir/CheckSymbolExists.c.obj -c C:/Users/gmamy/Desktop/bit1/leto/IZG/izg_lab_02/cmake-build-debug/CMakeFiles/CMakeTmp/CheckSymbolExists.c
C:/Users/gmamy/Desktop/bit1/leto/IZG/izg_lab_02/cmake-build-debug/CMakeFiles/CMakeTmp/CheckSymbolExists.c: In function 'main':
C:/Users/gmamy/Desktop/bit1/leto/IZG/izg_lab_02/cmake-build-debug/CMakeFiles/CMakeTmp/CheckSymbolExists.c:14:19: error: 'bcopy' undeclared (first use in this function)
   14 |   return ((int*)(&bcopy))[argc];
      |                   ^~~~~
C:/Users/gmamy/Desktop/bit1/leto/IZG/izg_lab_02/cmake-build-debug/CMakeFiles/CMakeTmp/CheckSymbolExists.c:14:19: note: each undeclared identifier is reported only once for each function it appears in
ninja: build stopped: subcommand failed.


File C:/Users/gmamy/Desktop/bit1/leto/IZG/izg_lab_02/cmake-build-debug/CMakeFiles/CMakeTmp/CheckSymbolExists.c:
/* */
#include <stddef.h>
#include <stdarg.h>
#include <stdlib.h>
#include <string.h>
#include <stdio.h>
#include <wchar.h>
#include <float.h>

int main(int argc, char** argv)
{
  (void)argv;
#ifndef bcopy
  return ((int*)(&bcopy))[argc];
#else
  (void)argc;
  return 0;
#endif
}
Determining if the strlcpy exist failed with the following output:
Change Dir: C:/Users/gmamy/Desktop/bit1/leto/IZG/izg_lab_02/cmake-build-debug/CMakeFiles/CMakeTmp

Run Build Command(s):C:/Program Files/JetBrains/CLion 2022.3.2/bin/ninja/win/x64/ninja.exe cmTC_73bb7 && [1/2] Building C object CMakeFiles/cmTC_73bb7.dir/CheckSymbolExists.c.obj
FAILED: CMakeFiles/cmTC_73bb7.dir/CheckSymbolExists.c.obj 
C:\PROGRA~1\JETBRA~1\CLION2~1.2\bin\mingw\bin\gcc.exe   -idirafter "C:/Users/gmamy/Desktop/bit1/leto/IZG/izg_lab_02/SDL/src/video/khronos"  -fdiagnostics-color=always -o CMakeFiles/cmTC_73bb7.dir/CheckSymbolExists.c.obj -c C:/Users/gmamy/Desktop/bit1/leto/IZG/izg_lab_02/cmake-build-debug/CMakeFiles/CMakeTmp/CheckSymbolExists.c
C:/Users/gmamy/Desktop/bit1/leto/IZG/izg_lab_02/cmake-build-debug/CMakeFiles/CMakeTmp/CheckSymbolExists.c: In function 'main':
C:/Users/gmamy/Desktop/bit1/leto/IZG/izg_lab_02/cmake-build-debug/CMakeFiles/CMakeTmp/CheckSymbolExists.c:14:19: error: 'strlcpy' undeclared (first use in this function); did you mean 'strncpy'?
   14 |   return ((int*)(&strlcpy))[argc];
      |                   ^~~~~~~
      |                   strncpy
C:/Users/gmamy/Desktop/bit1/leto/IZG/izg_lab_02/cmake-build-debug/CMakeFiles/CMakeTmp/CheckSymbolExists.c:14:19: note: each undeclared identifier is reported only once for each function it appears in
ninja: build stopped: subcommand failed.


File C:/Users/gmamy/Desktop/bit1/leto/IZG/izg_lab_02/cmake-build-debug/CMakeFiles/CMakeTmp/CheckSymbolExists.c:
/* */
#include <stddef.h>
#include <stdarg.h>
#include <stdlib.h>
#include <string.h>
#include <stdio.h>
#include <wchar.h>
#include <float.h>

int main(int argc, char** argv)
{
  (void)argv;
#ifndef strlcpy
  return ((int*)(&strlcpy))[argc];
#else
  (void)argc;
  return 0;
#endif
}
Determining if the strlcat exist failed with the following output:
Change Dir: C:/Users/gmamy/Desktop/bit1/leto/IZG/izg_lab_02/cmake-build-debug/CMakeFiles/CMakeTmp

Run Build Command(s):C:/Program Files/JetBrains/CLion 2022.3.2/bin/ninja/win/x64/ninja.exe cmTC_987bc && [1/2] Building C object CMakeFiles/cmTC_987bc.dir/CheckSymbolExists.c.obj
FAILED: CMakeFiles/cmTC_987bc.dir/CheckSymbolExists.c.obj 
C:\PROGRA~1\JETBRA~1\CLION2~1.2\bin\mingw\bin\gcc.exe   -idirafter "C:/Users/gmamy/Desktop/bit1/leto/IZG/izg_lab_02/SDL/src/video/khronos"  -fdiagnostics-color=always -o CMakeFiles/cmTC_987bc.dir/CheckSymbolExists.c.obj -c C:/Users/gmamy/Desktop/bit1/leto/IZG/izg_lab_02/cmake-build-debug/CMakeFiles/CMakeTmp/CheckSymbolExists.c
C:/Users/gmamy/Desktop/bit1/leto/IZG/izg_lab_02/cmake-build-debug/CMakeFiles/CMakeTmp/CheckSymbolExists.c: In function 'main':
C:/Users/gmamy/Desktop/bit1/leto/IZG/izg_lab_02/cmake-build-debug/CMakeFiles/CMakeTmp/CheckSymbolExists.c:14:19: error: 'strlcat' undeclared (first use in this function); did you mean 'strncat'?
   14 |   return ((int*)(&strlcat))[argc];
      |                   ^~~~~~~
      |                   strncat
C:/Users/gmamy/Desktop/bit1/leto/IZG/izg_lab_02/cmake-build-debug/CMakeFiles/CMakeTmp/CheckSymbolExists.c:14:19: note: each undeclared identifier is reported only once for each function it appears in
ninja: build stopped: subcommand failed.


File C:/Users/gmamy/Desktop/bit1/leto/IZG/izg_lab_02/cmake-build-debug/CMakeFiles/CMakeTmp/CheckSymbolExists.c:
/* */
#include <stddef.h>
#include <stdarg.h>
#include <stdlib.h>
#include <string.h>
#include <stdio.h>
#include <wchar.h>
#include <float.h>

int main(int argc, char** argv)
{
  (void)argv;
#ifndef strlcat
  return ((int*)(&strlcat))[argc];
#else
  (void)argc;
  return 0;
#endif
}
Determining if the index exist failed with the following output:
Change Dir: C:/Users/gmamy/Desktop/bit1/leto/IZG/izg_lab_02/cmake-build-debug/CMakeFiles/CMakeTmp

Run Build Command(s):C:/Program Files/JetBrains/CLion 2022.3.2/bin/ninja/win/x64/ninja.exe cmTC_04d1a && [1/2] Building C object CMakeFiles/cmTC_04d1a.dir/CheckSymbolExists.c.obj
FAILED: CMakeFiles/cmTC_04d1a.dir/CheckSymbolExists.c.obj 
C:\PROGRA~1\JETBRA~1\CLION2~1.2\bin\mingw\bin\gcc.exe   -idirafter "C:/Users/gmamy/Desktop/bit1/leto/IZG/izg_lab_02/SDL/src/video/khronos"  -fdiagnostics-color=always -o CMakeFiles/cmTC_04d1a.dir/CheckSymbolExists.c.obj -c C:/Users/gmamy/Desktop/bit1/leto/IZG/izg_lab_02/cmake-build-debug/CMakeFiles/CMakeTmp/CheckSymbolExists.c
C:/Users/gmamy/Desktop/bit1/leto/IZG/izg_lab_02/cmake-build-debug/CMakeFiles/CMakeTmp/CheckSymbolExists.c: In function 'main':
C:/Users/gmamy/Desktop/bit1/leto/IZG/izg_lab_02/cmake-build-debug/CMakeFiles/CMakeTmp/CheckSymbolExists.c:14:19: error: 'index' undeclared (first use in this function)
   14 |   return ((int*)(&index))[argc];
      |                   ^~~~~
C:/Users/gmamy/Desktop/bit1/leto/IZG/izg_lab_02/cmake-build-debug/CMakeFiles/CMakeTmp/CheckSymbolExists.c:14:19: note: each undeclared identifier is reported only once for each function it appears in
ninja: build stopped: subcommand failed.


File C:/Users/gmamy/Desktop/bit1/leto/IZG/izg_lab_02/cmake-build-debug/CMakeFiles/CMakeTmp/CheckSymbolExists.c:
/* */
#include <stddef.h>
#include <stdarg.h>
#include <stdlib.h>
#include <string.h>
#include <stdio.h>
#include <wchar.h>
#include <float.h>

int main(int argc, char** argv)
{
  (void)argv;
#ifndef index
  return ((int*)(&index))[argc];
#else
  (void)argc;
  return 0;
#endif
}
Determining if the rindex exist failed with the following output:
Change Dir: C:/Users/gmamy/Desktop/bit1/leto/IZG/izg_lab_02/cmake-build-debug/CMakeFiles/CMakeTmp

Run Build Command(s):C:/Program Files/JetBrains/CLion 2022.3.2/bin/ninja/win/x64/ninja.exe cmTC_12f27 && [1/2] Building C object CMakeFiles/cmTC_12f27.dir/CheckSymbolExists.c.obj
FAILED: CMakeFiles/cmTC_12f27.dir/CheckSymbolExists.c.obj 
C:\PROGRA~1\JETBRA~1\CLION2~1.2\bin\mingw\bin\gcc.exe   -idirafter "C:/Users/gmamy/Desktop/bit1/leto/IZG/izg_lab_02/SDL/src/video/khronos"  -fdiagnostics-color=always -o CMakeFiles/cmTC_12f27.dir/CheckSymbolExists.c.obj -c C:/Users/gmamy/Desktop/bit1/leto/IZG/izg_lab_02/cmake-build-debug/CMakeFiles/CMakeTmp/CheckSymbolExists.c
C:/Users/gmamy/Desktop/bit1/leto/IZG/izg_lab_02/cmake-build-debug/CMakeFiles/CMakeTmp/CheckSymbolExists.c: In function 'main':
C:/Users/gmamy/Desktop/bit1/leto/IZG/izg_lab_02/cmake-build-debug/CMakeFiles/CMakeTmp/CheckSymbolExists.c:14:19: error: 'rindex' undeclared (first use in this function)
   14 |   return ((int*)(&rindex))[argc];
      |                   ^~~~~~
C:/Users/gmamy/Desktop/bit1/leto/IZG/izg_lab_02/cmake-build-debug/CMakeFiles/CMakeTmp/CheckSymbolExists.c:14:19: note: each undeclared identifier is reported only once for each function it appears in
ninja: build stopped: subcommand failed.


File C:/Users/gmamy/Desktop/bit1/leto/IZG/izg_lab_02/cmake-build-debug/CMakeFiles/CMakeTmp/CheckSymbolExists.c:
/* */
#include <stddef.h>
#include <stdarg.h>
#include <stdlib.h>
#include <string.h>
#include <stdio.h>
#include <wchar.h>
#include <float.h>

int main(int argc, char** argv)
{
  (void)argv;
#ifndef rindex
  return ((int*)(&rindex))[argc];
#else
  (void)argc;
  return 0;
#endif
}
Determining if the _uitoa exist failed with the following output:
Change Dir: C:/Users/gmamy/Desktop/bit1/leto/IZG/izg_lab_02/cmake-build-debug/CMakeFiles/CMakeTmp

Run Build Command(s):C:/Program Files/JetBrains/CLion 2022.3.2/bin/ninja/win/x64/ninja.exe cmTC_9ccd3 && [1/2] Building C object CMakeFiles/cmTC_9ccd3.dir/CheckSymbolExists.c.obj
FAILED: CMakeFiles/cmTC_9ccd3.dir/CheckSymbolExists.c.obj 
C:\PROGRA~1\JETBRA~1\CLION2~1.2\bin\mingw\bin\gcc.exe   -idirafter "C:/Users/gmamy/Desktop/bit1/leto/IZG/izg_lab_02/SDL/src/video/khronos"  -fdiagnostics-color=always -o CMakeFiles/cmTC_9ccd3.dir/CheckSymbolExists.c.obj -c C:/Users/gmamy/Desktop/bit1/leto/IZG/izg_lab_02/cmake-build-debug/CMakeFiles/CMakeTmp/CheckSymbolExists.c
C:/Users/gmamy/Desktop/bit1/leto/IZG/izg_lab_02/cmake-build-debug/CMakeFiles/CMakeTmp/CheckSymbolExists.c: In function 'main':
C:/Users/gmamy/Desktop/bit1/leto/IZG/izg_lab_02/cmake-build-debug/CMakeFiles/CMakeTmp/CheckSymbolExists.c:14:19: error: '_uitoa' undeclared (first use in this function); did you mean '_ultoa'?
   14 |   return ((int*)(&_uitoa))[argc];
      |                   ^~~~~~
      |                   _ultoa
C:/Users/gmamy/Desktop/bit1/leto/IZG/izg_lab_02/cmake-build-debug/CMakeFiles/CMakeTmp/CheckSymbolExists.c:14:19: note: each undeclared identifier is reported only once for each function it appears in
ninja: build stopped: subcommand failed.


File C:/Users/gmamy/Desktop/bit1/leto/IZG/izg_lab_02/cmake-build-debug/CMakeFiles/CMakeTmp/CheckSymbolExists.c:
/* */
#include <stddef.h>
#include <stdarg.h>
#include <stdlib.h>
#include <string.h>
#include <stdio.h>
#include <wchar.h>
#include <float.h>

int main(int argc, char** argv)
{
  (void)argv;
#ifndef _uitoa
  return ((int*)(&_uitoa))[argc];
#else
  (void)argc;
  return 0;
#endif
}
Determining if the wcslcat exist failed with the following output:
Change Dir: C:/Users/gmamy/Desktop/bit1/leto/IZG/izg_lab_02/cmake-build-debug/CMakeFiles/CMakeTmp

Run Build Command(s):C:/Program Files/JetBrains/CLion 2022.3.2/bin/ninja/win/x64/ninja.exe cmTC_2786c && [1/2] Building C object CMakeFiles/cmTC_2786c.dir/CheckSymbolExists.c.obj
FAILED: CMakeFiles/cmTC_2786c.dir/CheckSymbolExists.c.obj 
C:\PROGRA~1\JETBRA~1\CLION2~1.2\bin\mingw\bin\gcc.exe   -idirafter "C:/Users/gmamy/Desktop/bit1/leto/IZG/izg_lab_02/SDL/src/video/khronos"  -fdiagnostics-color=always -o CMakeFiles/cmTC_2786c.dir/CheckSymbolExists.c.obj -c C:/Users/gmamy/Desktop/bit1/leto/IZG/izg_lab_02/cmake-build-debug/CMakeFiles/CMakeTmp/CheckSymbolExists.c
C:/Users/gmamy/Desktop/bit1/leto/IZG/izg_lab_02/cmake-build-debug/CMakeFiles/CMakeTmp/CheckSymbolExists.c: In function 'main':
C:/Users/gmamy/Desktop/bit1/leto/IZG/izg_lab_02/cmake-build-debug/CMakeFiles/CMakeTmp/CheckSymbolExists.c:14:19: error: 'wcslcat' undeclared (first use in this function); did you mean 'wcsncat'?
   14 |   return ((int*)(&wcslcat))[argc];
      |                   ^~~~~~~
      |                   wcsncat
C:/Users/gmamy/Desktop/bit1/leto/IZG/izg_lab_02/cmake-build-debug/CMakeFiles/CMakeTmp/CheckSymbolExists.c:14:19: note: each undeclared identifier is reported only once for each function it appears in
ninja: build stopped: subcommand failed.


File C:/Users/gmamy/Desktop/bit1/leto/IZG/izg_lab_02/cmake-build-debug/CMakeFiles/CMakeTmp/CheckSymbolExists.c:
/* */
#include <stddef.h>
#include <stdarg.h>
#include <stdlib.h>
#include <string.h>
#include <stdio.h>
#include <wchar.h>
#include <float.h>

int main(int argc, char** argv)
{
  (void)argv;
#ifndef wcslcat
  return ((int*)(&wcslcat))[argc];
#else
  (void)argc;
  return 0;
#endif
}
Determining if the wcslcpy exist failed with the following output:
Change Dir: C:/Users/gmamy/Desktop/bit1/leto/IZG/izg_lab_02/cmake-build-debug/CMakeFiles/CMakeTmp

Run Build Command(s):C:/Program Files/JetBrains/CLion 2022.3.2/bin/ninja/win/x64/ninja.exe cmTC_040d6 && [1/2] Building C object CMakeFiles/cmTC_040d6.dir/CheckSymbolExists.c.obj
FAILED: CMakeFiles/cmTC_040d6.dir/CheckSymbolExists.c.obj 
C:\PROGRA~1\JETBRA~1\CLION2~1.2\bin\mingw\bin\gcc.exe   -idirafter "C:/Users/gmamy/Desktop/bit1/leto/IZG/izg_lab_02/SDL/src/video/khronos"  -fdiagnostics-color=always -o CMakeFiles/cmTC_040d6.dir/CheckSymbolExists.c.obj -c C:/Users/gmamy/Desktop/bit1/leto/IZG/izg_lab_02/cmake-build-debug/CMakeFiles/CMakeTmp/CheckSymbolExists.c
C:/Users/gmamy/Desktop/bit1/leto/IZG/izg_lab_02/cmake-build-debug/CMakeFiles/CMakeTmp/CheckSymbolExists.c: In function 'main':
C:/Users/gmamy/Desktop/bit1/leto/IZG/izg_lab_02/cmake-build-debug/CMakeFiles/CMakeTmp/CheckSymbolExists.c:14:19: error: 'wcslcpy' undeclared (first use in this function); did you mean 'wcsncpy'?
   14 |   return ((int*)(&wcslcpy))[argc];
      |                   ^~~~~~~
      |                   wcsncpy
C:/Users/gmamy/Desktop/bit1/leto/IZG/izg_lab_02/cmake-build-debug/CMakeFiles/CMakeTmp/CheckSymbolExists.c:14:19: note: each undeclared identifier is reported only once for each function it appears in
ninja: build stopped: subcommand failed.


File C:/Users/gmamy/Desktop/bit1/leto/IZG/izg_lab_02/cmake-build-debug/CMakeFiles/CMakeTmp/CheckSymbolExists.c:
/* */
#include <stddef.h>
#include <stdarg.h>
#include <stdlib.h>
#include <string.h>
#include <stdio.h>
#include <wchar.h>
#include <float.h>

int main(int argc, char** argv)
{
  (void)argv;
#ifndef wcslcpy
  return ((int*)(&wcslcpy))[argc];
#else
  (void)argc;
  return 0;
#endif
}
Determining if the wcscasecmp exist failed with the following output:
Change Dir: C:/Users/gmamy/Desktop/bit1/leto/IZG/izg_lab_02/cmake-build-debug/CMakeFiles/CMakeTmp

Run Build Command(s):C:/Program Files/JetBrains/CLion 2022.3.2/bin/ninja/win/x64/ninja.exe cmTC_68050 && [1/2] Building C object CMakeFiles/cmTC_68050.dir/CheckSymbolExists.c.obj
FAILED: CMakeFiles/cmTC_68050.dir/CheckSymbolExists.c.obj 
C:\PROGRA~1\JETBRA~1\CLION2~1.2\bin\mingw\bin\gcc.exe   -idirafter "C:/Users/gmamy/Desktop/bit1/leto/IZG/izg_lab_02/SDL/src/video/khronos"  -fdiagnostics-color=always -o CMakeFiles/cmTC_68050.dir/CheckSymbolExists.c.obj -c C:/Users/gmamy/Desktop/bit1/leto/IZG/izg_lab_02/cmake-build-debug/CMakeFiles/CMakeTmp/CheckSymbolExists.c
C:/Users/gmamy/Desktop/bit1/leto/IZG/izg_lab_02/cmake-build-debug/CMakeFiles/CMakeTmp/CheckSymbolExists.c: In function 'main':
C:/Users/gmamy/Desktop/bit1/leto/IZG/izg_lab_02/cmake-build-debug/CMakeFiles/CMakeTmp/CheckSymbolExists.c:14:19: error: 'wcscasecmp' undeclared (first use in this function); did you mean 'strcasecmp'?
   14 |   return ((int*)(&wcscasecmp))[argc];
      |                   ^~~~~~~~~~
      |                   strcasecmp
C:/Users/gmamy/Desktop/bit1/leto/IZG/izg_lab_02/cmake-build-debug/CMakeFiles/CMakeTmp/CheckSymbolExists.c:14:19: note: each undeclared identifier is reported only once for each function it appears in
ninja: build stopped: subcommand failed.


File C:/Users/gmamy/Desktop/bit1/leto/IZG/izg_lab_02/cmake-build-debug/CMakeFiles/CMakeTmp/CheckSymbolExists.c:
/* */
#include <stddef.h>
#include <stdarg.h>
#include <stdlib.h>
#include <string.h>
#include <stdio.h>
#include <wchar.h>
#include <float.h>

int main(int argc, char** argv)
{
  (void)argv;
#ifndef wcscasecmp
  return ((int*)(&wcscasecmp))[argc];
#else
  (void)argc;
  return 0;
#endif
}
Determining if the wcsncasecmp exist failed with the following output:
Change Dir: C:/Users/gmamy/Desktop/bit1/leto/IZG/izg_lab_02/cmake-build-debug/CMakeFiles/CMakeTmp

Run Build Command(s):C:/Program Files/JetBrains/CLion 2022.3.2/bin/ninja/win/x64/ninja.exe cmTC_72d57 && [1/2] Building C object CMakeFiles/cmTC_72d57.dir/CheckSymbolExists.c.obj
FAILED: CMakeFiles/cmTC_72d57.dir/CheckSymbolExists.c.obj 
C:\PROGRA~1\JETBRA~1\CLION2~1.2\bin\mingw\bin\gcc.exe   -idirafter "C:/Users/gmamy/Desktop/bit1/leto/IZG/izg_lab_02/SDL/src/video/khronos"  -fdiagnostics-color=always -o CMakeFiles/cmTC_72d57.dir/CheckSymbolExists.c.obj -c C:/Users/gmamy/Desktop/bit1/leto/IZG/izg_lab_02/cmake-build-debug/CMakeFiles/CMakeTmp/CheckSymbolExists.c
C:/Users/gmamy/Desktop/bit1/leto/IZG/izg_lab_02/cmake-build-debug/CMakeFiles/CMakeTmp/CheckSymbolExists.c: In function 'main':
C:/Users/gmamy/Desktop/bit1/leto/IZG/izg_lab_02/cmake-build-debug/CMakeFiles/CMakeTmp/CheckSymbolExists.c:14:19: error: 'wcsncasecmp' undeclared (first use in this function); did you mean 'strncasecmp'?
   14 |   return ((int*)(&wcsncasecmp))[argc];
      |                   ^~~~~~~~~~~
      |                   strncasecmp
C:/Users/gmamy/Desktop/bit1/leto/IZG/izg_lab_02/cmake-build-debug/CMakeFiles/CMakeTmp/CheckSymbolExists.c:14:19: note: each undeclared identifier is reported only once for each function it appears in
ninja: build stopped: subcommand failed.


File C:/Users/gmamy/Desktop/bit1/leto/IZG/izg_lab_02/cmake-build-debug/CMakeFiles/CMakeTmp/CheckSymbolExists.c:
/* */
#include <stddef.h>
#include <stdarg.h>
#include <stdlib.h>
#include <string.h>
#include <stdio.h>
#include <wchar.h>
#include <float.h>

int main(int argc, char** argv)
{
  (void)argv;
#ifndef wcsncasecmp
  return ((int*)(&wcsncasecmp))[argc];
#else
  (void)argc;
  return 0;
#endif
}
Determining if the sigaction exist failed with the following output:
Change Dir: C:/Users/gmamy/Desktop/bit1/leto/IZG/izg_lab_02/cmake-build-debug/CMakeFiles/CMakeTmp

Run Build Command(s):C:/Program Files/JetBrains/CLion 2022.3.2/bin/ninja/win/x64/ninja.exe cmTC_ee162 && [1/2] Building C object CMakeFiles/cmTC_ee162.dir/CheckSymbolExists.c.obj
FAILED: CMakeFiles/cmTC_ee162.dir/CheckSymbolExists.c.obj 
C:\PROGRA~1\JETBRA~1\CLION2~1.2\bin\mingw\bin\gcc.exe   -idirafter "C:/Users/gmamy/Desktop/bit1/leto/IZG/izg_lab_02/SDL/src/video/khronos"  -fdiagnostics-color=always -o CMakeFiles/cmTC_ee162.dir/CheckSymbolExists.c.obj -c C:/Users/gmamy/Desktop/bit1/leto/IZG/izg_lab_02/cmake-build-debug/CMakeFiles/CMakeTmp/CheckSymbolExists.c
C:/Users/gmamy/Desktop/bit1/leto/IZG/izg_lab_02/cmake-build-debug/CMakeFiles/CMakeTmp/CheckSymbolExists.c: In function 'main':
C:/Users/gmamy/Desktop/bit1/leto/IZG/izg_lab_02/cmake-build-debug/CMakeFiles/CMakeTmp/CheckSymbolExists.c:8:19: error: 'sigaction' undeclared (first use in this function)
    8 |   return ((int*)(&sigaction))[argc];
      |                   ^~~~~~~~~
C:/Users/gmamy/Desktop/bit1/leto/IZG/izg_lab_02/cmake-build-debug/CMakeFiles/CMakeTmp/CheckSymbolExists.c:8:19: note: each undeclared identifier is reported only once for each function it appears in
ninja: build stopped: subcommand failed.


File C:/Users/gmamy/Desktop/bit1/leto/IZG/izg_lab_02/cmake-build-debug/CMakeFiles/CMakeTmp/CheckSymbolExists.c:
/* */
#include <signal.h>

int main(int argc, char** argv)
{
  (void)argv;
#ifndef sigaction
  return ((int*)(&sigaction))[argc];
#else
  (void)argc;
  return 0;
#endif
}
Determining if the sysconf exist failed with the following output:
Change Dir: C:/Users/gmamy/Desktop/bit1/leto/IZG/izg_lab_02/cmake-build-debug/CMakeFiles/CMakeTmp

Run Build Command(s):C:/Program Files/JetBrains/CLion 2022.3.2/bin/ninja/win/x64/ninja.exe cmTC_c2bfd && [1/2] Building C object CMakeFiles/cmTC_c2bfd.dir/CheckSymbolExists.c.obj
FAILED: CMakeFiles/cmTC_c2bfd.dir/CheckSymbolExists.c.obj 
C:\PROGRA~1\JETBRA~1\CLION2~1.2\bin\mingw\bin\gcc.exe   -idirafter "C:/Users/gmamy/Desktop/bit1/leto/IZG/izg_lab_02/SDL/src/video/khronos"  -fdiagnostics-color=always -o CMakeFiles/cmTC_c2bfd.dir/CheckSymbolExists.c.obj -c C:/Users/gmamy/Desktop/bit1/leto/IZG/izg_lab_02/cmake-build-debug/CMakeFiles/CMakeTmp/CheckSymbolExists.c
C:/Users/gmamy/Desktop/bit1/leto/IZG/izg_lab_02/cmake-build-debug/CMakeFiles/CMakeTmp/CheckSymbolExists.c: In function 'main':
C:/Users/gmamy/Desktop/bit1/leto/IZG/izg_lab_02/cmake-build-debug/CMakeFiles/CMakeTmp/CheckSymbolExists.c:8:19: error: 'sysconf' undeclared (first use in this function)
    8 |   return ((int*)(&sysconf))[argc];
      |                   ^~~~~~~
C:/Users/gmamy/Desktop/bit1/leto/IZG/izg_lab_02/cmake-build-debug/CMakeFiles/CMakeTmp/CheckSymbolExists.c:8:19: note: each undeclared identifier is reported only once for each function it appears in
ninja: build stopped: subcommand failed.


File C:/Users/gmamy/Desktop/bit1/leto/IZG/izg_lab_02/cmake-build-debug/CMakeFiles/CMakeTmp/CheckSymbolExists.c:
/* */
#include <unistd.h>

int main(int argc, char** argv)
{
  (void)argv;
#ifndef sysconf
  return ((int*)(&sysconf))[argc];
#else
  (void)argc;
  return 0;
#endif
}
Determining if the sysctlbyname exist failed with the following output:
Change Dir: C:/Users/gmamy/Desktop/bit1/leto/IZG/izg_lab_02/cmake-build-debug/CMakeFiles/CMakeTmp

Run Build Command(s):C:/Program Files/JetBrains/CLion 2022.3.2/bin/ninja/win/x64/ninja.exe cmTC_1a91f && [1/2] Building C object CMakeFiles/cmTC_1a91f.dir/CheckSymbolExists.c.obj
FAILED: CMakeFiles/cmTC_1a91f.dir/CheckSymbolExists.c.obj 
C:\PROGRA~1\JETBRA~1\CLION2~1.2\bin\mingw\bin\gcc.exe   -idirafter "C:/Users/gmamy/Desktop/bit1/leto/IZG/izg_lab_02/SDL/src/video/khronos"  -fdiagnostics-color=always -o CMakeFiles/cmTC_1a91f.dir/CheckSymbolExists.c.obj -c C:/Users/gmamy/Desktop/bit1/leto/IZG/izg_lab_02/cmake-build-debug/CMakeFiles/CMakeTmp/CheckSymbolExists.c
C:/Users/gmamy/Desktop/bit1/leto/IZG/izg_lab_02/cmake-build-debug/CMakeFiles/CMakeTmp/CheckSymbolExists.c:3:10: fatal error: sys/sysctl.h: No such file or directory
    3 | #include <sys/sysctl.h>
      |          ^~~~~~~~~~~~~~
compilation terminated.
ninja: build stopped: subcommand failed.


File C:/Users/gmamy/Desktop/bit1/leto/IZG/izg_lab_02/cmake-build-debug/CMakeFiles/CMakeTmp/CheckSymbolExists.c:
/* */
#include <sys/types.h>
#include <sys/sysctl.h>

int main(int argc, char** argv)
{
  (void)argv;
#ifndef sysctlbyname
  return ((int*)(&sysctlbyname))[argc];
#else
  (void)argc;
  return 0;
#endif
}
Determining if the getauxval exist failed with the following output:
Change Dir: C:/Users/gmamy/Desktop/bit1/leto/IZG/izg_lab_02/cmake-build-debug/CMakeFiles/CMakeTmp

Run Build Command(s):C:/Program Files/JetBrains/CLion 2022.3.2/bin/ninja/win/x64/ninja.exe cmTC_42427 && [1/2] Building C object CMakeFiles/cmTC_42427.dir/CheckSymbolExists.c.obj
FAILED: CMakeFiles/cmTC_42427.dir/CheckSymbolExists.c.obj 
C:\PROGRA~1\JETBRA~1\CLION2~1.2\bin\mingw\bin\gcc.exe   -idirafter "C:/Users/gmamy/Desktop/bit1/leto/IZG/izg_lab_02/SDL/src/video/khronos"  -fdiagnostics-color=always -o CMakeFiles/cmTC_42427.dir/CheckSymbolExists.c.obj -c C:/Users/gmamy/Desktop/bit1/leto/IZG/izg_lab_02/cmake-build-debug/CMakeFiles/CMakeTmp/CheckSymbolExists.c
C:/Users/gmamy/Desktop/bit1/leto/IZG/izg_lab_02/cmake-build-debug/CMakeFiles/CMakeTmp/CheckSymbolExists.c:2:10: fatal error: sys/auxv.h: No such file or directory
    2 | #include <sys/auxv.h>
      |          ^~~~~~~~~~~~
compilation terminated.
ninja: build stopped: subcommand failed.


File C:/Users/gmamy/Desktop/bit1/leto/IZG/izg_lab_02/cmake-build-debug/CMakeFiles/CMakeTmp/CheckSymbolExists.c:
/* */
#include <sys/auxv.h>

int main(int argc, char** argv)
{
  (void)argv;
#ifndef getauxval
  return ((int*)(&getauxval))[argc];
#else
  (void)argc;
  return 0;
#endif
}
Determining if the elf_aux_info exist failed with the following output:
Change Dir: C:/Users/gmamy/Desktop/bit1/leto/IZG/izg_lab_02/cmake-build-debug/CMakeFiles/CMakeTmp

Run Build Command(s):C:/Program Files/JetBrains/CLion 2022.3.2/bin/ninja/win/x64/ninja.exe cmTC_b7b24 && [1/2] Building C object CMakeFiles/cmTC_b7b24.dir/CheckSymbolExists.c.obj
FAILED: CMakeFiles/cmTC_b7b24.dir/CheckSymbolExists.c.obj 
C:\PROGRA~1\JETBRA~1\CLION2~1.2\bin\mingw\bin\gcc.exe   -idirafter "C:/Users/gmamy/Desktop/bit1/leto/IZG/izg_lab_02/SDL/src/video/khronos"  -fdiagnostics-color=always -o CMakeFiles/cmTC_b7b24.dir/CheckSymbolExists.c.obj -c C:/Users/gmamy/Desktop/bit1/leto/IZG/izg_lab_02/cmake-build-debug/CMakeFiles/CMakeTmp/CheckSymbolExists.c
C:/Users/gmamy/Desktop/bit1/leto/IZG/izg_lab_02/cmake-build-debug/CMakeFiles/CMakeTmp/CheckSymbolExists.c:2:10: fatal error: sys/auxv.h: No such file or directory
    2 | #include <sys/auxv.h>
      |          ^~~~~~~~~~~~
compilation terminated.
ninja: build stopped: subcommand failed.


File C:/Users/gmamy/Desktop/bit1/leto/IZG/izg_lab_02/cmake-build-debug/CMakeFiles/CMakeTmp/CheckSymbolExists.c:
/* */
#include <sys/auxv.h>

int main(int argc, char** argv)
{
  (void)argv;
#ifndef elf_aux_info
  return ((int*)(&elf_aux_info))[argc];
#else
  (void)argc;
  return 0;
#endif
}
Determining if the poll exist failed with the following output:
Change Dir: C:/Users/gmamy/Desktop/bit1/leto/IZG/izg_lab_02/cmake-build-debug/CMakeFiles/CMakeTmp

Run Build Command(s):C:/Program Files/JetBrains/CLion 2022.3.2/bin/ninja/win/x64/ninja.exe cmTC_4c633 && [1/2] Building C object CMakeFiles/cmTC_4c633.dir/CheckSymbolExists.c.obj
FAILED: CMakeFiles/cmTC_4c633.dir/CheckSymbolExists.c.obj 
C:\PROGRA~1\JETBRA~1\CLION2~1.2\bin\mingw\bin\gcc.exe   -idirafter "C:/Users/gmamy/Desktop/bit1/leto/IZG/izg_lab_02/SDL/src/video/khronos"  -fdiagnostics-color=always -o CMakeFiles/cmTC_4c633.dir/CheckSymbolExists.c.obj -c C:/Users/gmamy/Desktop/bit1/leto/IZG/izg_lab_02/cmake-build-debug/CMakeFiles/CMakeTmp/CheckSymbolExists.c
C:/Users/gmamy/Desktop/bit1/leto/IZG/izg_lab_02/cmake-build-debug/CMakeFiles/CMakeTmp/CheckSymbolExists.c:2:10: fatal error: poll.h: No such file or directory
    2 | #include <poll.h>
      |          ^~~~~~~~
compilation terminated.
ninja: build stopped: subcommand failed.


File C:/Users/gmamy/Desktop/bit1/leto/IZG/izg_lab_02/cmake-build-debug/CMakeFiles/CMakeTmp/CheckSymbolExists.c:
/* */
#include <poll.h>

int main(int argc, char** argv)
{
  (void)argv;
#ifndef poll
  return ((int*)(&poll))[argc];
#else
  (void)argc;
  return 0;
#endif
}
Determining if the function iconv_open exists in the iconv failed with the following output:
Change Dir: C:/Users/gmamy/Desktop/bit1/leto/IZG/izg_lab_02/cmake-build-debug/CMakeFiles/CMakeTmp

Run Build Command(s):C:/Program Files/JetBrains/CLion 2022.3.2/bin/ninja/win/x64/ninja.exe cmTC_9cea1 && [1/2] Building C object CMakeFiles/cmTC_9cea1.dir/CheckFunctionExists.c.obj
[2/2] Linking C executable cmTC_9cea1.exe
FAILED: cmTC_9cea1.exe 
cmd.exe /C "cd . && C:\PROGRA~1\JETBRA~1\CLION2~1.2\bin\mingw\bin\gcc.exe -idirafter "C:/Users/gmamy/Desktop/bit1/leto/IZG/izg_lab_02/SDL/src/video/khronos" -DCHECK_FUNCTION_EXISTS=iconv_open  CMakeFiles/cmTC_9cea1.dir/CheckFunctionExists.c.obj -o cmTC_9cea1.exe -Wl,--out-implib,libcmTC_9cea1.dll.a -Wl,--major-image-version,0,--minor-image-version,0  -liconv  -lkernel32 -luser32 -lgdi32 -lwinspool -lshell32 -lole32 -loleaut32 -luuid -lcomdlg32 -ladvapi32 && cd ."
C:\Program Files\JetBrains\CLion 2022.3.2\bin\mingw\bin/ld.exe: CMakeFiles/cmTC_9cea1.dir/CheckFunctionExists.c.obj:CheckFunctionExists.c:(.text+0x15): undefined reference to `iconv_open'
collect2.exe: error: ld returned 1 exit status
ninja: build stopped: subcommand failed.



Determining if the function iconv_open exists in the c failed with the following output:
Change Dir: C:/Users/gmamy/Desktop/bit1/leto/IZG/izg_lab_02/cmake-build-debug/CMakeFiles/CMakeTmp

Run Build Command(s):C:/Program Files/JetBrains/CLion 2022.3.2/bin/ninja/win/x64/ninja.exe cmTC_d79a2 && [1/2] Building C object CMakeFiles/cmTC_d79a2.dir/CheckFunctionExists.c.obj
[2/2] Linking C executable cmTC_d79a2.exe
FAILED: cmTC_d79a2.exe 
cmd.exe /C "cd . && C:\PROGRA~1\JETBRA~1\CLION2~1.2\bin\mingw\bin\gcc.exe -idirafter "C:/Users/gmamy/Desktop/bit1/leto/IZG/izg_lab_02/SDL/src/video/khronos" -DCHECK_FUNCTION_EXISTS=iconv_open  CMakeFiles/cmTC_d79a2.dir/CheckFunctionExists.c.obj -o cmTC_d79a2.exe -Wl,--out-implib,libcmTC_d79a2.dll.a -Wl,--major-image-version,0,--minor-image-version,0  -lc  -lkernel32 -luser32 -lgdi32 -lwinspool -lshell32 -lole32 -loleaut32 -luuid -lcomdlg32 -ladvapi32 && cd ."
C:\Program Files\JetBrains\CLion 2022.3.2\bin\mingw\bin/ld.exe: cannot find -lc
collect2.exe: error: ld returned 1 exit status
ninja: build stopped: subcommand failed.



Determining if the include file alloca.h exists failed with the following output:
Change Dir: C:/Users/gmamy/Desktop/bit1/leto/IZG/izg_lab_02/cmake-build-debug/CMakeFiles/CMakeTmp

Run Build Command(s):C:/Program Files/JetBrains/CLion 2022.3.2/bin/ninja/win/x64/ninja.exe cmTC_db458 && [1/2] Building C object CMakeFiles/cmTC_db458.dir/CheckIncludeFile.c.obj
FAILED: CMakeFiles/cmTC_db458.dir/CheckIncludeFile.c.obj 
C:\PROGRA~1\JETBRA~1\CLION2~1.2\bin\mingw\bin\gcc.exe   -idirafter "C:/Users/gmamy/Desktop/bit1/leto/IZG/izg_lab_02/SDL/src/video/khronos"  -fdiagnostics-color=always -o CMakeFiles/cmTC_db458.dir/CheckIncludeFile.c.obj -c C:/Users/gmamy/Desktop/bit1/leto/IZG/izg_lab_02/cmake-build-debug/CMakeFiles/CMakeTmp/CheckIncludeFile.c
C:/Users/gmamy/Desktop/bit1/leto/IZG/izg_lab_02/cmake-build-debug/CMakeFiles/CMakeTmp/CheckIncludeFile.c:1:10: fatal error: alloca.h: No such file or directory
    1 | #include <alloca.h>
      |          ^~~~~~~~~~
compilation terminated.
ninja: build stopped: subcommand failed.



Determining if the alloca exist failed with the following output:
Change Dir: C:/Users/gmamy/Desktop/bit1/leto/IZG/izg_lab_02/cmake-build-debug/CMakeFiles/CMakeTmp

Run Build Command(s):C:/Program Files/JetBrains/CLion 2022.3.2/bin/ninja/win/x64/ninja.exe cmTC_ed8c8 && [1/2] Building C object CMakeFiles/cmTC_ed8c8.dir/CheckSymbolExists.c.obj
FAILED: CMakeFiles/cmTC_ed8c8.dir/CheckSymbolExists.c.obj 
C:\PROGRA~1\JETBRA~1\CLION2~1.2\bin\mingw\bin\gcc.exe   -idirafter "C:/Users/gmamy/Desktop/bit1/leto/IZG/izg_lab_02/SDL/src/video/khronos"  -fdiagnostics-color=always -o CMakeFiles/cmTC_ed8c8.dir/CheckSymbolExists.c.obj -c C:/Users/gmamy/Desktop/bit1/leto/IZG/izg_lab_02/cmake-build-debug/CMakeFiles/CMakeTmp/CheckSymbolExists.c
C:/Users/gmamy/Desktop/bit1/leto/IZG/izg_lab_02/cmake-build-debug/CMakeFiles/CMakeTmp/CheckSymbolExists.c:2:10: fatal error: alloca.h: No such file or directory
    2 | #include <alloca.h>
      |          ^~~~~~~~~~
compilation terminated.
ninja: build stopped: subcommand failed.


File C:/Users/gmamy/Desktop/bit1/leto/IZG/izg_lab_02/cmake-build-debug/CMakeFiles/CMakeTmp/CheckSymbolExists.c:
/* */
#include <alloca.h>

int main(int argc, char** argv)
{
  (void)argv;
#ifndef alloca
  return ((int*)(&alloca))[argc];
#else
  (void)argc;
  return 0;
#endif
}
Performing C SOURCE FILE Test HAVE_SA_SIGACTION failed with the following output:
Change Dir: C:/Users/gmamy/Desktop/bit1/leto/IZG/izg_lab_02/cmake-build-debug/CMakeFiles/CMakeTmp

Run Build Command(s):C:/Program Files/JetBrains/CLion 2022.3.2/bin/ninja/win/x64/ninja.exe cmTC_ec71a && [1/2] Building C object CMakeFiles/cmTC_ec71a.dir/src.c.obj
FAILED: CMakeFiles/cmTC_ec71a.dir/src.c.obj 
C:\PROGRA~1\JETBRA~1\CLION2~1.2\bin\mingw\bin\gcc.exe -DHAVE_SA_SIGACTION  -idirafter "C:/Users/gmamy/Desktop/bit1/leto/IZG/izg_lab_02/SDL/src/video/khronos"  -fdiagnostics-color=always -o CMakeFiles/cmTC_ec71a.dir/src.c.obj -c C:/Users/gmamy/Desktop/bit1/leto/IZG/izg_lab_02/cmake-build-debug/CMakeFiles/CMakeTmp/src.c
C:/Users/gmamy/Desktop/bit1/leto/IZG/izg_lab_02/cmake-build-debug/CMakeFiles/CMakeTmp/src.c: In function 'main':
C:/Users/gmamy/Desktop/bit1/leto/IZG/izg_lab_02/cmake-build-debug/CMakeFiles/CMakeTmp/src.c:6:39: error: invalid use of undefined type 'struct sigaction'
    6 |   (void)sizeof(((struct sigaction *)0)->sa_sigaction);
      |                                       ^~
ninja: build stopped: subcommand failed.


Source file was:

#include <signal.h>

int main()
{
  (void)sizeof(((struct sigaction *)0)->sa_sigaction);
  return 0;
}

Performing C SOURCE FILE Test HAVE_XINPUT_GAMEPAD_EX failed with the following output:
Change Dir: C:/Users/gmamy/Desktop/bit1/leto/IZG/izg_lab_02/cmake-build-debug/CMakeFiles/CMakeTmp

Run Build Command(s):C:/Program Files/JetBrains/CLion 2022.3.2/bin/ninja/win/x64/ninja.exe cmTC_3ed68 && [1/2] Building C object CMakeFiles/cmTC_3ed68.dir/src.c.obj
FAILED: CMakeFiles/cmTC_3ed68.dir/src.c.obj 
C:\PROGRA~1\JETBRA~1\CLION2~1.2\bin\mingw\bin\gcc.exe -DHAVE_XINPUT_GAMEPAD_EX  -idirafter "C:/Users/gmamy/Desktop/bit1/leto/IZG/izg_lab_02/SDL/src/video/khronos"  -fdiagnostics-color=always -o CMakeFiles/cmTC_3ed68.dir/src.c.obj -c C:/Users/gmamy/Desktop/bit1/leto/IZG/izg_lab_02/cmake-build-debug/CMakeFiles/CMakeTmp/src.c
C:/Users/gmamy/Desktop/bit1/leto/IZG/izg_lab_02/cmake-build-debug/CMakeFiles/CMakeTmp/src.c:4:7: error: unknown type name 'XINPUT_GAMEPAD_EX'; did you mean 'XINPUT_GAMEPAD_X'?
    4 |       XINPUT_GAMEPAD_EX x1;
      |       ^~~~~~~~~~~~~~~~~
      |       XINPUT_GAMEPAD_X
ninja: build stopped: subcommand failed.


Source file was:

      #include <windows.h>
      #include <xinput.h>
      XINPUT_GAMEPAD_EX x1;
      int main(int argc, char **argv) { }
Performing C SOURCE FILE Test HAVE_XINPUT_STATE_EX failed with the following output:
Change Dir: C:/Users/gmamy/Desktop/bit1/leto/IZG/izg_lab_02/cmake-build-debug/CMakeFiles/CMakeTmp

Run Build Command(s):C:/Program Files/JetBrains/CLion 2022.3.2/bin/ninja/win/x64/ninja.exe cmTC_40008 && [1/2] Building C object CMakeFiles/cmTC_40008.dir/src.c.obj
FAILED: CMakeFiles/cmTC_40008.dir/src.c.obj 
C:\PROGRA~1\JETBRA~1\CLION2~1.2\bin\mingw\bin\gcc.exe -DHAVE_XINPUT_STATE_EX  -idirafter "C:/Users/gmamy/Desktop/bit1/leto/IZG/izg_lab_02/SDL/src/video/khronos"  -fdiagnostics-color=always -o CMakeFiles/cmTC_40008.dir/src.c.obj -c C:/Users/gmamy/Desktop/bit1/leto/IZG/izg_lab_02/cmake-build-debug/CMakeFiles/CMakeTmp/src.c
C:/Users/gmamy/Desktop/bit1/leto/IZG/izg_lab_02/cmake-build-debug/CMakeFiles/CMakeTmp/src.c:4:7: error: unknown type name 'XINPUT_STATE_EX'; did you mean 'XINPUT_STATE'?
    4 |       XINPUT_STATE_EX s1;
      |       ^~~~~~~~~~~~~~~
      |       XINPUT_STATE
ninja: build stopped: subcommand failed.


Source file was:

      #include <windows.h>
      #include <xinput.h>
      XINPUT_STATE_EX s1;
      int main(int argc, char **argv) { }
Performing C SOURCE FILE Test HAVE_WINDOWS_GAMING_INPUT_H failed with the following output:
Change Dir: C:/Users/gmamy/Desktop/bit1/leto/IZG/izg_lab_02/cmake-build-debug/CMakeFiles/CMakeTmp

Run Build Command(s):C:/Program Files/JetBrains/CLion 2022.3.2/bin/ninja/win/x64/ninja.exe cmTC_6ca31 && [1/2] Building C object CMakeFiles/cmTC_6ca31.dir/src.c.obj
FAILED: CMakeFiles/cmTC_6ca31.dir/src.c.obj 
C:\PROGRA~1\JETBRA~1\CLION2~1.2\bin\mingw\bin\gcc.exe -DHAVE_WINDOWS_GAMING_INPUT_H  -idirafter "C:/Users/gmamy/Desktop/bit1/leto/IZG/izg_lab_02/SDL/src/video/khronos"  -fdiagnostics-color=always -o CMakeFiles/cmTC_6ca31.dir/src.c.obj -c C:/Users/gmamy/Desktop/bit1/leto/IZG/izg_lab_02/cmake-build-debug/CMakeFiles/CMakeTmp/src.c
C:/Users/gmamy/Desktop/bit1/leto/IZG/izg_lab_02/cmake-build-debug/CMakeFiles/CMakeTmp/src.c:3:16: fatal error: windows.gaming.input.h: No such file or directory
    3 |       #include <windows.gaming.input.h>
      |                ^~~~~~~~~~~~~~~~~~~~~~~~
compilation terminated.
ninja: build stopped: subcommand failed.


Source file was:

      #define COBJMACROS
      #include <windows.gaming.input.h>
      __x_ABI_CWindows_CGaming_CInput_CIGamepadStatics2 *s2;
      int main(int argc, char **argv) { }
